<?xml version="1.0" encoding="utf-8"?>
<CoverageSession>
  <Summary numSequencePoints="846" visitedSequencePoints="757" numBranchPoints="40" visitedBranchPoints="15" sequenceCoverage="89.47" branchCoverage="37.5" maxCyclomaticComplexity="54" minCyclomaticComplexity="54" visitedClasses="3" numClasses="5" visitedMethods="9" numMethods="23" />
  <Modules>
    <Module hash="4D9A8543-11D3-4AEB-B14D-411A78F01CCF">
      <ModulePath>Pulumi.Azure.Extensions.dll</ModulePath>
      <ModuleTime>2020-05-04T02:40:22</ModuleTime>
      <ModuleName>Pulumi.Azure.Extensions</ModuleName>
      <Files>
        <File uid="1" fullPath="C:\Users\azurestef\Documents\Pulumi.Azure.Extensions\src\Pulumi.Azure.Extensions\Utils\FileUtils.cs" />
        <File uid="2" fullPath="C:\Users\azurestef\Documents\Pulumi.Azure.Extensions\src\Pulumi.Azure.Extensions\Utils\MimeTypeMap.cs" />
        <File uid="3" fullPath="C:\Users\azurestef\Documents\Pulumi.Azure.Extensions\src\Pulumi.Azure.Extensions\Utils\TempStorage.cs" />
        <File uid="4" fullPath="C:\Users\azurestef\Documents\Pulumi.Azure.Extensions\src\Pulumi.Azure.Extensions\Storage\BlobCollection.cs" />
      </Files>
      <Classes>
        <Class>
          <Summary numSequencePoints="3" visitedSequencePoints="0" numBranchPoints="0" visitedBranchPoints="0" sequenceCoverage="0" branchCoverage="100" maxCyclomaticComplexity="1" minCyclomaticComplexity="1" visitedClasses="0" numClasses="1" visitedMethods="0" numMethods="1" />
          <FullName>Pulumi.Azure.Extensions.Utils.FileUtils</FullName>
          <Methods>
            <Method cyclomaticComplexity="1" nPathComplexity="0" sequenceCoverage="0" branchCoverage="100" isConstructor="True" isGetter="False" isSetter="False" isStatic="True">
              <Summary numSequencePoints="3" visitedSequencePoints="0" numBranchPoints="0" visitedBranchPoints="0" sequenceCoverage="0" branchCoverage="100" maxCyclomaticComplexity="1" minCyclomaticComplexity="1" visitedClasses="0" numClasses="0" visitedMethods="0" numMethods="1" />
              <MetadataToken />
              <Name>System.String Pulumi.Azure.Extensions.Utils.FileUtils::GetTemporaryDirectory()</Name>
              <FileRef uid="1" />
              <SequencePoints>
                <SequencePoint vc="0" uspid="9" ordinal="0" sl="9" sc="1" el="9" ec="2" bec="0" bev="0" fileid="1" />
                <SequencePoint vc="0" uspid="10" ordinal="1" sl="10" sc="1" el="10" ec="2" bec="0" bev="0" fileid="1" />
                <SequencePoint vc="0" uspid="11" ordinal="2" sl="11" sc="1" el="11" ec="2" bec="0" bev="0" fileid="1" />
              </SequencePoints>
              <BranchPoints />
              <MethodPoint vc="0" uspid="0" p8:type="SequencePoint" ordinal="0" offset="0" sc="0" sl="9" ec="1" el="11" bec="0" bev="0" fileid="1" xmlns:p8="xsi" />
            </Method>
          </Methods>
        </Class>
        <Class>
          <Summary numSequencePoints="732" visitedSequencePoints="712" numBranchPoints="18" visitedBranchPoints="7" sequenceCoverage="97.26" branchCoverage="38.88" maxCyclomaticComplexity="8" minCyclomaticComplexity="1" visitedClasses="1" numClasses="1" visitedMethods="3" numMethods="4" />
          <FullName>Pulumi.Azure.Extensions.Utils.MimeTypeMap</FullName>
          <Methods>
            <Method cyclomaticComplexity="4" nPathComplexity="0" sequenceCoverage="100" branchCoverage="100" isConstructor="False" isGetter="False" isSetter="False" isStatic="True">
              <Summary numSequencePoints="706" visitedSequencePoints="706" numBranchPoints="4" visitedBranchPoints="4" sequenceCoverage="100" branchCoverage="100" maxCyclomaticComplexity="4" minCyclomaticComplexity="4" visitedClasses="0" numClasses="0" visitedMethods="1" numMethods="1" />
              <MetadataToken />
              <Name>System.Collections.Generic.IDictionary`2&lt;System.String,System.String&gt; Pulumi.Azure.Extensions.Utils.MimeTypeMap::BuildMappings()</Name>
              <FileRef uid="2" />
              <SequencePoints>
                <SequencePoint vc="1" uspid="17" ordinal="0" sl="17" sc="1" el="17" ec="2" bec="0" bev="0" fileid="2" />
                <SequencePoint vc="1" uspid="18" ordinal="1" sl="18" sc="1" el="18" ec="2" bec="0" bev="0" fileid="2" />
                <SequencePoint vc="1" uspid="19" ordinal="2" sl="19" sc="1" el="19" ec="2" bec="0" bev="0" fileid="2" />
                <SequencePoint vc="1" uspid="20" ordinal="3" sl="20" sc="1" el="20" ec="2" bec="0" bev="0" fileid="2" />
                <SequencePoint vc="1" uspid="21" ordinal="4" sl="21" sc="1" el="21" ec="2" bec="0" bev="0" fileid="2" />
                <SequencePoint vc="1" uspid="22" ordinal="5" sl="22" sc="1" el="22" ec="2" bec="0" bev="0" fileid="2" />
                <SequencePoint vc="1" uspid="23" ordinal="6" sl="23" sc="1" el="23" ec="2" bec="0" bev="0" fileid="2" />
                <SequencePoint vc="1" uspid="24" ordinal="7" sl="24" sc="1" el="24" ec="2" bec="0" bev="0" fileid="2" />
                <SequencePoint vc="1" uspid="25" ordinal="8" sl="25" sc="1" el="25" ec="2" bec="0" bev="0" fileid="2" />
                <SequencePoint vc="1" uspid="26" ordinal="9" sl="26" sc="1" el="26" ec="2" bec="0" bev="0" fileid="2" />
                <SequencePoint vc="1" uspid="27" ordinal="10" sl="27" sc="1" el="27" ec="2" bec="0" bev="0" fileid="2" />
                <SequencePoint vc="1" uspid="28" ordinal="11" sl="28" sc="1" el="28" ec="2" bec="0" bev="0" fileid="2" />
                <SequencePoint vc="1" uspid="29" ordinal="12" sl="29" sc="1" el="29" ec="2" bec="0" bev="0" fileid="2" />
                <SequencePoint vc="1" uspid="30" ordinal="13" sl="30" sc="1" el="30" ec="2" bec="0" bev="0" fileid="2" />
                <SequencePoint vc="1" uspid="31" ordinal="14" sl="31" sc="1" el="31" ec="2" bec="0" bev="0" fileid="2" />
                <SequencePoint vc="1" uspid="32" ordinal="15" sl="32" sc="1" el="32" ec="2" bec="0" bev="0" fileid="2" />
                <SequencePoint vc="1" uspid="33" ordinal="16" sl="33" sc="1" el="33" ec="2" bec="0" bev="0" fileid="2" />
                <SequencePoint vc="1" uspid="34" ordinal="17" sl="34" sc="1" el="34" ec="2" bec="0" bev="0" fileid="2" />
                <SequencePoint vc="1" uspid="35" ordinal="18" sl="35" sc="1" el="35" ec="2" bec="0" bev="0" fileid="2" />
                <SequencePoint vc="1" uspid="36" ordinal="19" sl="36" sc="1" el="36" ec="2" bec="0" bev="0" fileid="2" />
                <SequencePoint vc="1" uspid="37" ordinal="20" sl="37" sc="1" el="37" ec="2" bec="0" bev="0" fileid="2" />
                <SequencePoint vc="1" uspid="38" ordinal="21" sl="38" sc="1" el="38" ec="2" bec="0" bev="0" fileid="2" />
                <SequencePoint vc="1" uspid="39" ordinal="22" sl="39" sc="1" el="39" ec="2" bec="0" bev="0" fileid="2" />
                <SequencePoint vc="1" uspid="40" ordinal="23" sl="40" sc="1" el="40" ec="2" bec="0" bev="0" fileid="2" />
                <SequencePoint vc="1" uspid="41" ordinal="24" sl="41" sc="1" el="41" ec="2" bec="0" bev="0" fileid="2" />
                <SequencePoint vc="1" uspid="42" ordinal="25" sl="42" sc="1" el="42" ec="2" bec="0" bev="0" fileid="2" />
                <SequencePoint vc="1" uspid="43" ordinal="26" sl="43" sc="1" el="43" ec="2" bec="0" bev="0" fileid="2" />
                <SequencePoint vc="1" uspid="44" ordinal="27" sl="44" sc="1" el="44" ec="2" bec="0" bev="0" fileid="2" />
                <SequencePoint vc="1" uspid="45" ordinal="28" sl="45" sc="1" el="45" ec="2" bec="0" bev="0" fileid="2" />
                <SequencePoint vc="1" uspid="46" ordinal="29" sl="46" sc="1" el="46" ec="2" bec="0" bev="0" fileid="2" />
                <SequencePoint vc="1" uspid="47" ordinal="30" sl="47" sc="1" el="47" ec="2" bec="0" bev="0" fileid="2" />
                <SequencePoint vc="1" uspid="48" ordinal="31" sl="48" sc="1" el="48" ec="2" bec="0" bev="0" fileid="2" />
                <SequencePoint vc="1" uspid="49" ordinal="32" sl="49" sc="1" el="49" ec="2" bec="0" bev="0" fileid="2" />
                <SequencePoint vc="1" uspid="50" ordinal="33" sl="50" sc="1" el="50" ec="2" bec="0" bev="0" fileid="2" />
                <SequencePoint vc="1" uspid="51" ordinal="34" sl="51" sc="1" el="51" ec="2" bec="0" bev="0" fileid="2" />
                <SequencePoint vc="1" uspid="52" ordinal="35" sl="52" sc="1" el="52" ec="2" bec="0" bev="0" fileid="2" />
                <SequencePoint vc="1" uspid="53" ordinal="36" sl="53" sc="1" el="53" ec="2" bec="0" bev="0" fileid="2" />
                <SequencePoint vc="1" uspid="54" ordinal="37" sl="54" sc="1" el="54" ec="2" bec="0" bev="0" fileid="2" />
                <SequencePoint vc="1" uspid="55" ordinal="38" sl="55" sc="1" el="55" ec="2" bec="0" bev="0" fileid="2" />
                <SequencePoint vc="1" uspid="56" ordinal="39" sl="56" sc="1" el="56" ec="2" bec="0" bev="0" fileid="2" />
                <SequencePoint vc="1" uspid="57" ordinal="40" sl="57" sc="1" el="57" ec="2" bec="0" bev="0" fileid="2" />
                <SequencePoint vc="1" uspid="58" ordinal="41" sl="58" sc="1" el="58" ec="2" bec="0" bev="0" fileid="2" />
                <SequencePoint vc="1" uspid="59" ordinal="42" sl="59" sc="1" el="59" ec="2" bec="0" bev="0" fileid="2" />
                <SequencePoint vc="1" uspid="60" ordinal="43" sl="60" sc="1" el="60" ec="2" bec="0" bev="0" fileid="2" />
                <SequencePoint vc="1" uspid="61" ordinal="44" sl="61" sc="1" el="61" ec="2" bec="0" bev="0" fileid="2" />
                <SequencePoint vc="1" uspid="62" ordinal="45" sl="62" sc="1" el="62" ec="2" bec="0" bev="0" fileid="2" />
                <SequencePoint vc="1" uspid="63" ordinal="46" sl="63" sc="1" el="63" ec="2" bec="0" bev="0" fileid="2" />
                <SequencePoint vc="1" uspid="64" ordinal="47" sl="64" sc="1" el="64" ec="2" bec="0" bev="0" fileid="2" />
                <SequencePoint vc="1" uspid="65" ordinal="48" sl="65" sc="1" el="65" ec="2" bec="0" bev="0" fileid="2" />
                <SequencePoint vc="1" uspid="66" ordinal="49" sl="66" sc="1" el="66" ec="2" bec="0" bev="0" fileid="2" />
                <SequencePoint vc="1" uspid="67" ordinal="50" sl="67" sc="1" el="67" ec="2" bec="0" bev="0" fileid="2" />
                <SequencePoint vc="1" uspid="68" ordinal="51" sl="68" sc="1" el="68" ec="2" bec="0" bev="0" fileid="2" />
                <SequencePoint vc="1" uspid="69" ordinal="52" sl="69" sc="1" el="69" ec="2" bec="0" bev="0" fileid="2" />
                <SequencePoint vc="1" uspid="70" ordinal="53" sl="70" sc="1" el="70" ec="2" bec="0" bev="0" fileid="2" />
                <SequencePoint vc="1" uspid="71" ordinal="54" sl="71" sc="1" el="71" ec="2" bec="0" bev="0" fileid="2" />
                <SequencePoint vc="1" uspid="72" ordinal="55" sl="72" sc="1" el="72" ec="2" bec="0" bev="0" fileid="2" />
                <SequencePoint vc="1" uspid="73" ordinal="56" sl="73" sc="1" el="73" ec="2" bec="0" bev="0" fileid="2" />
                <SequencePoint vc="1" uspid="74" ordinal="57" sl="74" sc="1" el="74" ec="2" bec="0" bev="0" fileid="2" />
                <SequencePoint vc="1" uspid="75" ordinal="58" sl="75" sc="1" el="75" ec="2" bec="0" bev="0" fileid="2" />
                <SequencePoint vc="1" uspid="76" ordinal="59" sl="76" sc="1" el="76" ec="2" bec="0" bev="0" fileid="2" />
                <SequencePoint vc="1" uspid="77" ordinal="60" sl="77" sc="1" el="77" ec="2" bec="0" bev="0" fileid="2" />
                <SequencePoint vc="1" uspid="78" ordinal="61" sl="78" sc="1" el="78" ec="2" bec="0" bev="0" fileid="2" />
                <SequencePoint vc="1" uspid="79" ordinal="62" sl="79" sc="1" el="79" ec="2" bec="0" bev="0" fileid="2" />
                <SequencePoint vc="1" uspid="80" ordinal="63" sl="80" sc="1" el="80" ec="2" bec="0" bev="0" fileid="2" />
                <SequencePoint vc="1" uspid="81" ordinal="64" sl="81" sc="1" el="81" ec="2" bec="0" bev="0" fileid="2" />
                <SequencePoint vc="1" uspid="82" ordinal="65" sl="82" sc="1" el="82" ec="2" bec="0" bev="0" fileid="2" />
                <SequencePoint vc="1" uspid="83" ordinal="66" sl="83" sc="1" el="83" ec="2" bec="0" bev="0" fileid="2" />
                <SequencePoint vc="1" uspid="84" ordinal="67" sl="84" sc="1" el="84" ec="2" bec="0" bev="0" fileid="2" />
                <SequencePoint vc="1" uspid="85" ordinal="68" sl="85" sc="1" el="85" ec="2" bec="0" bev="0" fileid="2" />
                <SequencePoint vc="1" uspid="86" ordinal="69" sl="86" sc="1" el="86" ec="2" bec="0" bev="0" fileid="2" />
                <SequencePoint vc="1" uspid="87" ordinal="70" sl="87" sc="1" el="87" ec="2" bec="0" bev="0" fileid="2" />
                <SequencePoint vc="1" uspid="88" ordinal="71" sl="88" sc="1" el="88" ec="2" bec="0" bev="0" fileid="2" />
                <SequencePoint vc="1" uspid="89" ordinal="72" sl="89" sc="1" el="89" ec="2" bec="0" bev="0" fileid="2" />
                <SequencePoint vc="1" uspid="90" ordinal="73" sl="90" sc="1" el="90" ec="2" bec="0" bev="0" fileid="2" />
                <SequencePoint vc="1" uspid="91" ordinal="74" sl="91" sc="1" el="91" ec="2" bec="0" bev="0" fileid="2" />
                <SequencePoint vc="1" uspid="92" ordinal="75" sl="92" sc="1" el="92" ec="2" bec="0" bev="0" fileid="2" />
                <SequencePoint vc="1" uspid="93" ordinal="76" sl="93" sc="1" el="93" ec="2" bec="0" bev="0" fileid="2" />
                <SequencePoint vc="1" uspid="94" ordinal="77" sl="94" sc="1" el="94" ec="2" bec="0" bev="0" fileid="2" />
                <SequencePoint vc="1" uspid="95" ordinal="78" sl="95" sc="1" el="95" ec="2" bec="0" bev="0" fileid="2" />
                <SequencePoint vc="1" uspid="96" ordinal="79" sl="96" sc="1" el="96" ec="2" bec="0" bev="0" fileid="2" />
                <SequencePoint vc="1" uspid="97" ordinal="80" sl="97" sc="1" el="97" ec="2" bec="0" bev="0" fileid="2" />
                <SequencePoint vc="1" uspid="98" ordinal="81" sl="98" sc="1" el="98" ec="2" bec="0" bev="0" fileid="2" />
                <SequencePoint vc="1" uspid="99" ordinal="82" sl="99" sc="1" el="99" ec="2" bec="0" bev="0" fileid="2" />
                <SequencePoint vc="1" uspid="100" ordinal="83" sl="100" sc="1" el="100" ec="2" bec="0" bev="0" fileid="2" />
                <SequencePoint vc="1" uspid="101" ordinal="84" sl="101" sc="1" el="101" ec="2" bec="0" bev="0" fileid="2" />
                <SequencePoint vc="1" uspid="102" ordinal="85" sl="102" sc="1" el="102" ec="2" bec="0" bev="0" fileid="2" />
                <SequencePoint vc="1" uspid="103" ordinal="86" sl="103" sc="1" el="103" ec="2" bec="0" bev="0" fileid="2" />
                <SequencePoint vc="1" uspid="104" ordinal="87" sl="104" sc="1" el="104" ec="2" bec="0" bev="0" fileid="2" />
                <SequencePoint vc="1" uspid="105" ordinal="88" sl="105" sc="1" el="105" ec="2" bec="0" bev="0" fileid="2" />
                <SequencePoint vc="1" uspid="106" ordinal="89" sl="106" sc="1" el="106" ec="2" bec="0" bev="0" fileid="2" />
                <SequencePoint vc="1" uspid="107" ordinal="90" sl="107" sc="1" el="107" ec="2" bec="0" bev="0" fileid="2" />
                <SequencePoint vc="1" uspid="108" ordinal="91" sl="108" sc="1" el="108" ec="2" bec="0" bev="0" fileid="2" />
                <SequencePoint vc="1" uspid="109" ordinal="92" sl="109" sc="1" el="109" ec="2" bec="0" bev="0" fileid="2" />
                <SequencePoint vc="1" uspid="110" ordinal="93" sl="110" sc="1" el="110" ec="2" bec="0" bev="0" fileid="2" />
                <SequencePoint vc="1" uspid="111" ordinal="94" sl="111" sc="1" el="111" ec="2" bec="0" bev="0" fileid="2" />
                <SequencePoint vc="1" uspid="112" ordinal="95" sl="112" sc="1" el="112" ec="2" bec="0" bev="0" fileid="2" />
                <SequencePoint vc="1" uspid="113" ordinal="96" sl="113" sc="1" el="113" ec="2" bec="0" bev="0" fileid="2" />
                <SequencePoint vc="1" uspid="114" ordinal="97" sl="114" sc="1" el="114" ec="2" bec="0" bev="0" fileid="2" />
                <SequencePoint vc="1" uspid="115" ordinal="98" sl="115" sc="1" el="115" ec="2" bec="0" bev="0" fileid="2" />
                <SequencePoint vc="1" uspid="116" ordinal="99" sl="116" sc="1" el="116" ec="2" bec="0" bev="0" fileid="2" />
                <SequencePoint vc="1" uspid="117" ordinal="100" sl="117" sc="1" el="117" ec="2" bec="0" bev="0" fileid="2" />
                <SequencePoint vc="1" uspid="118" ordinal="101" sl="118" sc="1" el="118" ec="2" bec="0" bev="0" fileid="2" />
                <SequencePoint vc="1" uspid="119" ordinal="102" sl="119" sc="1" el="119" ec="2" bec="0" bev="0" fileid="2" />
                <SequencePoint vc="1" uspid="120" ordinal="103" sl="120" sc="1" el="120" ec="2" bec="0" bev="0" fileid="2" />
                <SequencePoint vc="1" uspid="121" ordinal="104" sl="121" sc="1" el="121" ec="2" bec="0" bev="0" fileid="2" />
                <SequencePoint vc="1" uspid="122" ordinal="105" sl="122" sc="1" el="122" ec="2" bec="0" bev="0" fileid="2" />
                <SequencePoint vc="1" uspid="123" ordinal="106" sl="123" sc="1" el="123" ec="2" bec="0" bev="0" fileid="2" />
                <SequencePoint vc="1" uspid="124" ordinal="107" sl="124" sc="1" el="124" ec="2" bec="0" bev="0" fileid="2" />
                <SequencePoint vc="1" uspid="125" ordinal="108" sl="125" sc="1" el="125" ec="2" bec="0" bev="0" fileid="2" />
                <SequencePoint vc="1" uspid="126" ordinal="109" sl="126" sc="1" el="126" ec="2" bec="0" bev="0" fileid="2" />
                <SequencePoint vc="1" uspid="127" ordinal="110" sl="127" sc="1" el="127" ec="2" bec="0" bev="0" fileid="2" />
                <SequencePoint vc="1" uspid="128" ordinal="111" sl="128" sc="1" el="128" ec="2" bec="0" bev="0" fileid="2" />
                <SequencePoint vc="1" uspid="129" ordinal="112" sl="129" sc="1" el="129" ec="2" bec="0" bev="0" fileid="2" />
                <SequencePoint vc="1" uspid="130" ordinal="113" sl="130" sc="1" el="130" ec="2" bec="0" bev="0" fileid="2" />
                <SequencePoint vc="1" uspid="131" ordinal="114" sl="131" sc="1" el="131" ec="2" bec="0" bev="0" fileid="2" />
                <SequencePoint vc="1" uspid="132" ordinal="115" sl="132" sc="1" el="132" ec="2" bec="0" bev="0" fileid="2" />
                <SequencePoint vc="1" uspid="133" ordinal="116" sl="133" sc="1" el="133" ec="2" bec="0" bev="0" fileid="2" />
                <SequencePoint vc="1" uspid="134" ordinal="117" sl="134" sc="1" el="134" ec="2" bec="0" bev="0" fileid="2" />
                <SequencePoint vc="1" uspid="135" ordinal="118" sl="135" sc="1" el="135" ec="2" bec="0" bev="0" fileid="2" />
                <SequencePoint vc="1" uspid="136" ordinal="119" sl="136" sc="1" el="136" ec="2" bec="0" bev="0" fileid="2" />
                <SequencePoint vc="1" uspid="137" ordinal="120" sl="137" sc="1" el="137" ec="2" bec="0" bev="0" fileid="2" />
                <SequencePoint vc="1" uspid="138" ordinal="121" sl="138" sc="1" el="138" ec="2" bec="0" bev="0" fileid="2" />
                <SequencePoint vc="1" uspid="139" ordinal="122" sl="139" sc="1" el="139" ec="2" bec="0" bev="0" fileid="2" />
                <SequencePoint vc="1" uspid="140" ordinal="123" sl="140" sc="1" el="140" ec="2" bec="0" bev="0" fileid="2" />
                <SequencePoint vc="1" uspid="141" ordinal="124" sl="141" sc="1" el="141" ec="2" bec="0" bev="0" fileid="2" />
                <SequencePoint vc="1" uspid="142" ordinal="125" sl="142" sc="1" el="142" ec="2" bec="0" bev="0" fileid="2" />
                <SequencePoint vc="1" uspid="143" ordinal="126" sl="143" sc="1" el="143" ec="2" bec="0" bev="0" fileid="2" />
                <SequencePoint vc="1" uspid="144" ordinal="127" sl="144" sc="1" el="144" ec="2" bec="0" bev="0" fileid="2" />
                <SequencePoint vc="1" uspid="145" ordinal="128" sl="145" sc="1" el="145" ec="2" bec="0" bev="0" fileid="2" />
                <SequencePoint vc="1" uspid="146" ordinal="129" sl="146" sc="1" el="146" ec="2" bec="0" bev="0" fileid="2" />
                <SequencePoint vc="1" uspid="147" ordinal="130" sl="147" sc="1" el="147" ec="2" bec="0" bev="0" fileid="2" />
                <SequencePoint vc="1" uspid="148" ordinal="131" sl="148" sc="1" el="148" ec="2" bec="0" bev="0" fileid="2" />
                <SequencePoint vc="1" uspid="149" ordinal="132" sl="149" sc="1" el="149" ec="2" bec="0" bev="0" fileid="2" />
                <SequencePoint vc="1" uspid="150" ordinal="133" sl="150" sc="1" el="150" ec="2" bec="0" bev="0" fileid="2" />
                <SequencePoint vc="1" uspid="151" ordinal="134" sl="151" sc="1" el="151" ec="2" bec="0" bev="0" fileid="2" />
                <SequencePoint vc="1" uspid="152" ordinal="135" sl="152" sc="1" el="152" ec="2" bec="0" bev="0" fileid="2" />
                <SequencePoint vc="1" uspid="153" ordinal="136" sl="153" sc="1" el="153" ec="2" bec="0" bev="0" fileid="2" />
                <SequencePoint vc="1" uspid="154" ordinal="137" sl="154" sc="1" el="154" ec="2" bec="0" bev="0" fileid="2" />
                <SequencePoint vc="1" uspid="155" ordinal="138" sl="155" sc="1" el="155" ec="2" bec="0" bev="0" fileid="2" />
                <SequencePoint vc="1" uspid="156" ordinal="139" sl="156" sc="1" el="156" ec="2" bec="0" bev="0" fileid="2" />
                <SequencePoint vc="1" uspid="157" ordinal="140" sl="157" sc="1" el="157" ec="2" bec="0" bev="0" fileid="2" />
                <SequencePoint vc="1" uspid="158" ordinal="141" sl="158" sc="1" el="158" ec="2" bec="0" bev="0" fileid="2" />
                <SequencePoint vc="1" uspid="159" ordinal="142" sl="159" sc="1" el="159" ec="2" bec="0" bev="0" fileid="2" />
                <SequencePoint vc="1" uspid="160" ordinal="143" sl="160" sc="1" el="160" ec="2" bec="0" bev="0" fileid="2" />
                <SequencePoint vc="1" uspid="161" ordinal="144" sl="161" sc="1" el="161" ec="2" bec="0" bev="0" fileid="2" />
                <SequencePoint vc="1" uspid="162" ordinal="145" sl="162" sc="1" el="162" ec="2" bec="0" bev="0" fileid="2" />
                <SequencePoint vc="1" uspid="163" ordinal="146" sl="163" sc="1" el="163" ec="2" bec="0" bev="0" fileid="2" />
                <SequencePoint vc="1" uspid="164" ordinal="147" sl="164" sc="1" el="164" ec="2" bec="0" bev="0" fileid="2" />
                <SequencePoint vc="1" uspid="165" ordinal="148" sl="165" sc="1" el="165" ec="2" bec="0" bev="0" fileid="2" />
                <SequencePoint vc="1" uspid="166" ordinal="149" sl="166" sc="1" el="166" ec="2" bec="0" bev="0" fileid="2" />
                <SequencePoint vc="1" uspid="167" ordinal="150" sl="167" sc="1" el="167" ec="2" bec="0" bev="0" fileid="2" />
                <SequencePoint vc="1" uspid="168" ordinal="151" sl="168" sc="1" el="168" ec="2" bec="0" bev="0" fileid="2" />
                <SequencePoint vc="1" uspid="169" ordinal="152" sl="169" sc="1" el="169" ec="2" bec="0" bev="0" fileid="2" />
                <SequencePoint vc="1" uspid="170" ordinal="153" sl="170" sc="1" el="170" ec="2" bec="0" bev="0" fileid="2" />
                <SequencePoint vc="1" uspid="171" ordinal="154" sl="171" sc="1" el="171" ec="2" bec="0" bev="0" fileid="2" />
                <SequencePoint vc="1" uspid="172" ordinal="155" sl="172" sc="1" el="172" ec="2" bec="0" bev="0" fileid="2" />
                <SequencePoint vc="1" uspid="173" ordinal="156" sl="173" sc="1" el="173" ec="2" bec="0" bev="0" fileid="2" />
                <SequencePoint vc="1" uspid="174" ordinal="157" sl="174" sc="1" el="174" ec="2" bec="0" bev="0" fileid="2" />
                <SequencePoint vc="1" uspid="175" ordinal="158" sl="175" sc="1" el="175" ec="2" bec="0" bev="0" fileid="2" />
                <SequencePoint vc="1" uspid="176" ordinal="159" sl="176" sc="1" el="176" ec="2" bec="0" bev="0" fileid="2" />
                <SequencePoint vc="1" uspid="177" ordinal="160" sl="177" sc="1" el="177" ec="2" bec="0" bev="0" fileid="2" />
                <SequencePoint vc="1" uspid="178" ordinal="161" sl="178" sc="1" el="178" ec="2" bec="0" bev="0" fileid="2" />
                <SequencePoint vc="1" uspid="179" ordinal="162" sl="179" sc="1" el="179" ec="2" bec="0" bev="0" fileid="2" />
                <SequencePoint vc="1" uspid="180" ordinal="163" sl="180" sc="1" el="180" ec="2" bec="0" bev="0" fileid="2" />
                <SequencePoint vc="1" uspid="181" ordinal="164" sl="181" sc="1" el="181" ec="2" bec="0" bev="0" fileid="2" />
                <SequencePoint vc="1" uspid="182" ordinal="165" sl="182" sc="1" el="182" ec="2" bec="0" bev="0" fileid="2" />
                <SequencePoint vc="1" uspid="183" ordinal="166" sl="183" sc="1" el="183" ec="2" bec="0" bev="0" fileid="2" />
                <SequencePoint vc="1" uspid="184" ordinal="167" sl="184" sc="1" el="184" ec="2" bec="0" bev="0" fileid="2" />
                <SequencePoint vc="1" uspid="185" ordinal="168" sl="185" sc="1" el="185" ec="2" bec="0" bev="0" fileid="2" />
                <SequencePoint vc="1" uspid="186" ordinal="169" sl="186" sc="1" el="186" ec="2" bec="0" bev="0" fileid="2" />
                <SequencePoint vc="1" uspid="187" ordinal="170" sl="187" sc="1" el="187" ec="2" bec="0" bev="0" fileid="2" />
                <SequencePoint vc="1" uspid="188" ordinal="171" sl="188" sc="1" el="188" ec="2" bec="0" bev="0" fileid="2" />
                <SequencePoint vc="1" uspid="189" ordinal="172" sl="189" sc="1" el="189" ec="2" bec="0" bev="0" fileid="2" />
                <SequencePoint vc="1" uspid="190" ordinal="173" sl="190" sc="1" el="190" ec="2" bec="0" bev="0" fileid="2" />
                <SequencePoint vc="1" uspid="191" ordinal="174" sl="191" sc="1" el="191" ec="2" bec="0" bev="0" fileid="2" />
                <SequencePoint vc="1" uspid="192" ordinal="175" sl="192" sc="1" el="192" ec="2" bec="0" bev="0" fileid="2" />
                <SequencePoint vc="1" uspid="193" ordinal="176" sl="193" sc="1" el="193" ec="2" bec="0" bev="0" fileid="2" />
                <SequencePoint vc="1" uspid="194" ordinal="177" sl="194" sc="1" el="194" ec="2" bec="0" bev="0" fileid="2" />
                <SequencePoint vc="1" uspid="195" ordinal="178" sl="195" sc="1" el="195" ec="2" bec="0" bev="0" fileid="2" />
                <SequencePoint vc="1" uspid="196" ordinal="179" sl="196" sc="1" el="196" ec="2" bec="0" bev="0" fileid="2" />
                <SequencePoint vc="1" uspid="197" ordinal="180" sl="197" sc="1" el="197" ec="2" bec="0" bev="0" fileid="2" />
                <SequencePoint vc="1" uspid="198" ordinal="181" sl="198" sc="1" el="198" ec="2" bec="0" bev="0" fileid="2" />
                <SequencePoint vc="1" uspid="199" ordinal="182" sl="199" sc="1" el="199" ec="2" bec="0" bev="0" fileid="2" />
                <SequencePoint vc="1" uspid="200" ordinal="183" sl="200" sc="1" el="200" ec="2" bec="0" bev="0" fileid="2" />
                <SequencePoint vc="1" uspid="201" ordinal="184" sl="201" sc="1" el="201" ec="2" bec="0" bev="0" fileid="2" />
                <SequencePoint vc="1" uspid="202" ordinal="185" sl="202" sc="1" el="202" ec="2" bec="0" bev="0" fileid="2" />
                <SequencePoint vc="1" uspid="203" ordinal="186" sl="203" sc="1" el="203" ec="2" bec="0" bev="0" fileid="2" />
                <SequencePoint vc="1" uspid="204" ordinal="187" sl="204" sc="1" el="204" ec="2" bec="0" bev="0" fileid="2" />
                <SequencePoint vc="1" uspid="205" ordinal="188" sl="205" sc="1" el="205" ec="2" bec="0" bev="0" fileid="2" />
                <SequencePoint vc="1" uspid="206" ordinal="189" sl="206" sc="1" el="206" ec="2" bec="0" bev="0" fileid="2" />
                <SequencePoint vc="1" uspid="207" ordinal="190" sl="207" sc="1" el="207" ec="2" bec="0" bev="0" fileid="2" />
                <SequencePoint vc="1" uspid="208" ordinal="191" sl="208" sc="1" el="208" ec="2" bec="0" bev="0" fileid="2" />
                <SequencePoint vc="1" uspid="209" ordinal="192" sl="209" sc="1" el="209" ec="2" bec="0" bev="0" fileid="2" />
                <SequencePoint vc="1" uspid="210" ordinal="193" sl="210" sc="1" el="210" ec="2" bec="0" bev="0" fileid="2" />
                <SequencePoint vc="1" uspid="211" ordinal="194" sl="211" sc="1" el="211" ec="2" bec="0" bev="0" fileid="2" />
                <SequencePoint vc="1" uspid="212" ordinal="195" sl="212" sc="1" el="212" ec="2" bec="0" bev="0" fileid="2" />
                <SequencePoint vc="1" uspid="213" ordinal="196" sl="213" sc="1" el="213" ec="2" bec="0" bev="0" fileid="2" />
                <SequencePoint vc="1" uspid="214" ordinal="197" sl="214" sc="1" el="214" ec="2" bec="0" bev="0" fileid="2" />
                <SequencePoint vc="1" uspid="215" ordinal="198" sl="215" sc="1" el="215" ec="2" bec="0" bev="0" fileid="2" />
                <SequencePoint vc="1" uspid="216" ordinal="199" sl="216" sc="1" el="216" ec="2" bec="0" bev="0" fileid="2" />
                <SequencePoint vc="1" uspid="217" ordinal="200" sl="217" sc="1" el="217" ec="2" bec="0" bev="0" fileid="2" />
                <SequencePoint vc="1" uspid="218" ordinal="201" sl="218" sc="1" el="218" ec="2" bec="0" bev="0" fileid="2" />
                <SequencePoint vc="1" uspid="219" ordinal="202" sl="219" sc="1" el="219" ec="2" bec="0" bev="0" fileid="2" />
                <SequencePoint vc="1" uspid="220" ordinal="203" sl="220" sc="1" el="220" ec="2" bec="0" bev="0" fileid="2" />
                <SequencePoint vc="1" uspid="221" ordinal="204" sl="221" sc="1" el="221" ec="2" bec="0" bev="0" fileid="2" />
                <SequencePoint vc="1" uspid="222" ordinal="205" sl="222" sc="1" el="222" ec="2" bec="0" bev="0" fileid="2" />
                <SequencePoint vc="1" uspid="223" ordinal="206" sl="223" sc="1" el="223" ec="2" bec="0" bev="0" fileid="2" />
                <SequencePoint vc="1" uspid="224" ordinal="207" sl="224" sc="1" el="224" ec="2" bec="0" bev="0" fileid="2" />
                <SequencePoint vc="1" uspid="225" ordinal="208" sl="225" sc="1" el="225" ec="2" bec="0" bev="0" fileid="2" />
                <SequencePoint vc="1" uspid="226" ordinal="209" sl="226" sc="1" el="226" ec="2" bec="0" bev="0" fileid="2" />
                <SequencePoint vc="1" uspid="227" ordinal="210" sl="227" sc="1" el="227" ec="2" bec="0" bev="0" fileid="2" />
                <SequencePoint vc="1" uspid="228" ordinal="211" sl="228" sc="1" el="228" ec="2" bec="0" bev="0" fileid="2" />
                <SequencePoint vc="1" uspid="229" ordinal="212" sl="229" sc="1" el="229" ec="2" bec="0" bev="0" fileid="2" />
                <SequencePoint vc="1" uspid="230" ordinal="213" sl="230" sc="1" el="230" ec="2" bec="0" bev="0" fileid="2" />
                <SequencePoint vc="1" uspid="231" ordinal="214" sl="231" sc="1" el="231" ec="2" bec="0" bev="0" fileid="2" />
                <SequencePoint vc="1" uspid="232" ordinal="215" sl="232" sc="1" el="232" ec="2" bec="0" bev="0" fileid="2" />
                <SequencePoint vc="1" uspid="233" ordinal="216" sl="233" sc="1" el="233" ec="2" bec="0" bev="0" fileid="2" />
                <SequencePoint vc="1" uspid="234" ordinal="217" sl="234" sc="1" el="234" ec="2" bec="0" bev="0" fileid="2" />
                <SequencePoint vc="1" uspid="235" ordinal="218" sl="235" sc="1" el="235" ec="2" bec="0" bev="0" fileid="2" />
                <SequencePoint vc="1" uspid="236" ordinal="219" sl="236" sc="1" el="236" ec="2" bec="0" bev="0" fileid="2" />
                <SequencePoint vc="1" uspid="237" ordinal="220" sl="237" sc="1" el="237" ec="2" bec="0" bev="0" fileid="2" />
                <SequencePoint vc="1" uspid="238" ordinal="221" sl="238" sc="1" el="238" ec="2" bec="0" bev="0" fileid="2" />
                <SequencePoint vc="1" uspid="239" ordinal="222" sl="239" sc="1" el="239" ec="2" bec="0" bev="0" fileid="2" />
                <SequencePoint vc="1" uspid="240" ordinal="223" sl="240" sc="1" el="240" ec="2" bec="0" bev="0" fileid="2" />
                <SequencePoint vc="1" uspid="241" ordinal="224" sl="241" sc="1" el="241" ec="2" bec="0" bev="0" fileid="2" />
                <SequencePoint vc="1" uspid="242" ordinal="225" sl="242" sc="1" el="242" ec="2" bec="0" bev="0" fileid="2" />
                <SequencePoint vc="1" uspid="243" ordinal="226" sl="243" sc="1" el="243" ec="2" bec="0" bev="0" fileid="2" />
                <SequencePoint vc="1" uspid="244" ordinal="227" sl="244" sc="1" el="244" ec="2" bec="0" bev="0" fileid="2" />
                <SequencePoint vc="1" uspid="245" ordinal="228" sl="245" sc="1" el="245" ec="2" bec="0" bev="0" fileid="2" />
                <SequencePoint vc="1" uspid="246" ordinal="229" sl="246" sc="1" el="246" ec="2" bec="0" bev="0" fileid="2" />
                <SequencePoint vc="1" uspid="247" ordinal="230" sl="247" sc="1" el="247" ec="2" bec="0" bev="0" fileid="2" />
                <SequencePoint vc="1" uspid="248" ordinal="231" sl="248" sc="1" el="248" ec="2" bec="0" bev="0" fileid="2" />
                <SequencePoint vc="1" uspid="249" ordinal="232" sl="249" sc="1" el="249" ec="2" bec="0" bev="0" fileid="2" />
                <SequencePoint vc="1" uspid="250" ordinal="233" sl="250" sc="1" el="250" ec="2" bec="0" bev="0" fileid="2" />
                <SequencePoint vc="1" uspid="251" ordinal="234" sl="251" sc="1" el="251" ec="2" bec="0" bev="0" fileid="2" />
                <SequencePoint vc="1" uspid="252" ordinal="235" sl="252" sc="1" el="252" ec="2" bec="0" bev="0" fileid="2" />
                <SequencePoint vc="1" uspid="253" ordinal="236" sl="253" sc="1" el="253" ec="2" bec="0" bev="0" fileid="2" />
                <SequencePoint vc="1" uspid="254" ordinal="237" sl="254" sc="1" el="254" ec="2" bec="0" bev="0" fileid="2" />
                <SequencePoint vc="1" uspid="255" ordinal="238" sl="255" sc="1" el="255" ec="2" bec="0" bev="0" fileid="2" />
                <SequencePoint vc="1" uspid="256" ordinal="239" sl="256" sc="1" el="256" ec="2" bec="0" bev="0" fileid="2" />
                <SequencePoint vc="1" uspid="257" ordinal="240" sl="257" sc="1" el="257" ec="2" bec="0" bev="0" fileid="2" />
                <SequencePoint vc="1" uspid="258" ordinal="241" sl="258" sc="1" el="258" ec="2" bec="0" bev="0" fileid="2" />
                <SequencePoint vc="1" uspid="259" ordinal="242" sl="259" sc="1" el="259" ec="2" bec="0" bev="0" fileid="2" />
                <SequencePoint vc="1" uspid="260" ordinal="243" sl="260" sc="1" el="260" ec="2" bec="0" bev="0" fileid="2" />
                <SequencePoint vc="1" uspid="261" ordinal="244" sl="261" sc="1" el="261" ec="2" bec="0" bev="0" fileid="2" />
                <SequencePoint vc="1" uspid="262" ordinal="245" sl="262" sc="1" el="262" ec="2" bec="0" bev="0" fileid="2" />
                <SequencePoint vc="1" uspid="263" ordinal="246" sl="263" sc="1" el="263" ec="2" bec="0" bev="0" fileid="2" />
                <SequencePoint vc="1" uspid="264" ordinal="247" sl="264" sc="1" el="264" ec="2" bec="0" bev="0" fileid="2" />
                <SequencePoint vc="1" uspid="265" ordinal="248" sl="265" sc="1" el="265" ec="2" bec="0" bev="0" fileid="2" />
                <SequencePoint vc="1" uspid="266" ordinal="249" sl="266" sc="1" el="266" ec="2" bec="0" bev="0" fileid="2" />
                <SequencePoint vc="1" uspid="267" ordinal="250" sl="267" sc="1" el="267" ec="2" bec="0" bev="0" fileid="2" />
                <SequencePoint vc="1" uspid="268" ordinal="251" sl="268" sc="1" el="268" ec="2" bec="0" bev="0" fileid="2" />
                <SequencePoint vc="1" uspid="269" ordinal="252" sl="269" sc="1" el="269" ec="2" bec="0" bev="0" fileid="2" />
                <SequencePoint vc="1" uspid="270" ordinal="253" sl="270" sc="1" el="270" ec="2" bec="0" bev="0" fileid="2" />
                <SequencePoint vc="1" uspid="271" ordinal="254" sl="271" sc="1" el="271" ec="2" bec="0" bev="0" fileid="2" />
                <SequencePoint vc="1" uspid="272" ordinal="255" sl="272" sc="1" el="272" ec="2" bec="0" bev="0" fileid="2" />
                <SequencePoint vc="1" uspid="273" ordinal="256" sl="273" sc="1" el="273" ec="2" bec="0" bev="0" fileid="2" />
                <SequencePoint vc="1" uspid="274" ordinal="257" sl="274" sc="1" el="274" ec="2" bec="0" bev="0" fileid="2" />
                <SequencePoint vc="1" uspid="275" ordinal="258" sl="275" sc="1" el="275" ec="2" bec="0" bev="0" fileid="2" />
                <SequencePoint vc="1" uspid="276" ordinal="259" sl="276" sc="1" el="276" ec="2" bec="0" bev="0" fileid="2" />
                <SequencePoint vc="1" uspid="277" ordinal="260" sl="277" sc="1" el="277" ec="2" bec="0" bev="0" fileid="2" />
                <SequencePoint vc="1" uspid="278" ordinal="261" sl="278" sc="1" el="278" ec="2" bec="0" bev="0" fileid="2" />
                <SequencePoint vc="1" uspid="279" ordinal="262" sl="279" sc="1" el="279" ec="2" bec="0" bev="0" fileid="2" />
                <SequencePoint vc="1" uspid="280" ordinal="263" sl="280" sc="1" el="280" ec="2" bec="0" bev="0" fileid="2" />
                <SequencePoint vc="1" uspid="281" ordinal="264" sl="281" sc="1" el="281" ec="2" bec="0" bev="0" fileid="2" />
                <SequencePoint vc="1" uspid="282" ordinal="265" sl="282" sc="1" el="282" ec="2" bec="0" bev="0" fileid="2" />
                <SequencePoint vc="1" uspid="283" ordinal="266" sl="283" sc="1" el="283" ec="2" bec="0" bev="0" fileid="2" />
                <SequencePoint vc="1" uspid="284" ordinal="267" sl="284" sc="1" el="284" ec="2" bec="0" bev="0" fileid="2" />
                <SequencePoint vc="1" uspid="285" ordinal="268" sl="285" sc="1" el="285" ec="2" bec="0" bev="0" fileid="2" />
                <SequencePoint vc="1" uspid="286" ordinal="269" sl="286" sc="1" el="286" ec="2" bec="0" bev="0" fileid="2" />
                <SequencePoint vc="1" uspid="287" ordinal="270" sl="287" sc="1" el="287" ec="2" bec="0" bev="0" fileid="2" />
                <SequencePoint vc="1" uspid="288" ordinal="271" sl="288" sc="1" el="288" ec="2" bec="0" bev="0" fileid="2" />
                <SequencePoint vc="1" uspid="289" ordinal="272" sl="289" sc="1" el="289" ec="2" bec="0" bev="0" fileid="2" />
                <SequencePoint vc="1" uspid="290" ordinal="273" sl="290" sc="1" el="290" ec="2" bec="0" bev="0" fileid="2" />
                <SequencePoint vc="1" uspid="291" ordinal="274" sl="291" sc="1" el="291" ec="2" bec="0" bev="0" fileid="2" />
                <SequencePoint vc="1" uspid="292" ordinal="275" sl="292" sc="1" el="292" ec="2" bec="0" bev="0" fileid="2" />
                <SequencePoint vc="1" uspid="293" ordinal="276" sl="293" sc="1" el="293" ec="2" bec="0" bev="0" fileid="2" />
                <SequencePoint vc="1" uspid="294" ordinal="277" sl="294" sc="1" el="294" ec="2" bec="0" bev="0" fileid="2" />
                <SequencePoint vc="1" uspid="295" ordinal="278" sl="295" sc="1" el="295" ec="2" bec="0" bev="0" fileid="2" />
                <SequencePoint vc="1" uspid="296" ordinal="279" sl="296" sc="1" el="296" ec="2" bec="0" bev="0" fileid="2" />
                <SequencePoint vc="1" uspid="297" ordinal="280" sl="297" sc="1" el="297" ec="2" bec="0" bev="0" fileid="2" />
                <SequencePoint vc="1" uspid="298" ordinal="281" sl="298" sc="1" el="298" ec="2" bec="0" bev="0" fileid="2" />
                <SequencePoint vc="1" uspid="299" ordinal="282" sl="299" sc="1" el="299" ec="2" bec="0" bev="0" fileid="2" />
                <SequencePoint vc="1" uspid="300" ordinal="283" sl="300" sc="1" el="300" ec="2" bec="0" bev="0" fileid="2" />
                <SequencePoint vc="1" uspid="301" ordinal="284" sl="301" sc="1" el="301" ec="2" bec="0" bev="0" fileid="2" />
                <SequencePoint vc="1" uspid="302" ordinal="285" sl="302" sc="1" el="302" ec="2" bec="0" bev="0" fileid="2" />
                <SequencePoint vc="1" uspid="303" ordinal="286" sl="303" sc="1" el="303" ec="2" bec="0" bev="0" fileid="2" />
                <SequencePoint vc="1" uspid="304" ordinal="287" sl="304" sc="1" el="304" ec="2" bec="0" bev="0" fileid="2" />
                <SequencePoint vc="1" uspid="305" ordinal="288" sl="305" sc="1" el="305" ec="2" bec="0" bev="0" fileid="2" />
                <SequencePoint vc="1" uspid="306" ordinal="289" sl="306" sc="1" el="306" ec="2" bec="0" bev="0" fileid="2" />
                <SequencePoint vc="1" uspid="307" ordinal="290" sl="307" sc="1" el="307" ec="2" bec="0" bev="0" fileid="2" />
                <SequencePoint vc="1" uspid="308" ordinal="291" sl="308" sc="1" el="308" ec="2" bec="0" bev="0" fileid="2" />
                <SequencePoint vc="1" uspid="309" ordinal="292" sl="309" sc="1" el="309" ec="2" bec="0" bev="0" fileid="2" />
                <SequencePoint vc="1" uspid="310" ordinal="293" sl="310" sc="1" el="310" ec="2" bec="0" bev="0" fileid="2" />
                <SequencePoint vc="1" uspid="311" ordinal="294" sl="311" sc="1" el="311" ec="2" bec="0" bev="0" fileid="2" />
                <SequencePoint vc="1" uspid="312" ordinal="295" sl="312" sc="1" el="312" ec="2" bec="0" bev="0" fileid="2" />
                <SequencePoint vc="1" uspid="313" ordinal="296" sl="313" sc="1" el="313" ec="2" bec="0" bev="0" fileid="2" />
                <SequencePoint vc="1" uspid="314" ordinal="297" sl="314" sc="1" el="314" ec="2" bec="0" bev="0" fileid="2" />
                <SequencePoint vc="1" uspid="315" ordinal="298" sl="315" sc="1" el="315" ec="2" bec="0" bev="0" fileid="2" />
                <SequencePoint vc="1" uspid="316" ordinal="299" sl="316" sc="1" el="316" ec="2" bec="0" bev="0" fileid="2" />
                <SequencePoint vc="1" uspid="317" ordinal="300" sl="317" sc="1" el="317" ec="2" bec="0" bev="0" fileid="2" />
                <SequencePoint vc="1" uspid="318" ordinal="301" sl="318" sc="1" el="318" ec="2" bec="0" bev="0" fileid="2" />
                <SequencePoint vc="1" uspid="319" ordinal="302" sl="319" sc="1" el="319" ec="2" bec="0" bev="0" fileid="2" />
                <SequencePoint vc="1" uspid="320" ordinal="303" sl="320" sc="1" el="320" ec="2" bec="0" bev="0" fileid="2" />
                <SequencePoint vc="1" uspid="321" ordinal="304" sl="321" sc="1" el="321" ec="2" bec="0" bev="0" fileid="2" />
                <SequencePoint vc="1" uspid="322" ordinal="305" sl="322" sc="1" el="322" ec="2" bec="0" bev="0" fileid="2" />
                <SequencePoint vc="1" uspid="323" ordinal="306" sl="323" sc="1" el="323" ec="2" bec="0" bev="0" fileid="2" />
                <SequencePoint vc="1" uspid="324" ordinal="307" sl="324" sc="1" el="324" ec="2" bec="0" bev="0" fileid="2" />
                <SequencePoint vc="1" uspid="325" ordinal="308" sl="325" sc="1" el="325" ec="2" bec="0" bev="0" fileid="2" />
                <SequencePoint vc="1" uspid="326" ordinal="309" sl="326" sc="1" el="326" ec="2" bec="0" bev="0" fileid="2" />
                <SequencePoint vc="1" uspid="327" ordinal="310" sl="327" sc="1" el="327" ec="2" bec="0" bev="0" fileid="2" />
                <SequencePoint vc="1" uspid="328" ordinal="311" sl="328" sc="1" el="328" ec="2" bec="0" bev="0" fileid="2" />
                <SequencePoint vc="1" uspid="329" ordinal="312" sl="329" sc="1" el="329" ec="2" bec="0" bev="0" fileid="2" />
                <SequencePoint vc="1" uspid="330" ordinal="313" sl="330" sc="1" el="330" ec="2" bec="0" bev="0" fileid="2" />
                <SequencePoint vc="1" uspid="331" ordinal="314" sl="331" sc="1" el="331" ec="2" bec="0" bev="0" fileid="2" />
                <SequencePoint vc="1" uspid="332" ordinal="315" sl="332" sc="1" el="332" ec="2" bec="0" bev="0" fileid="2" />
                <SequencePoint vc="1" uspid="333" ordinal="316" sl="333" sc="1" el="333" ec="2" bec="0" bev="0" fileid="2" />
                <SequencePoint vc="1" uspid="334" ordinal="317" sl="334" sc="1" el="334" ec="2" bec="0" bev="0" fileid="2" />
                <SequencePoint vc="1" uspid="335" ordinal="318" sl="335" sc="1" el="335" ec="2" bec="0" bev="0" fileid="2" />
                <SequencePoint vc="1" uspid="336" ordinal="319" sl="336" sc="1" el="336" ec="2" bec="0" bev="0" fileid="2" />
                <SequencePoint vc="1" uspid="337" ordinal="320" sl="337" sc="1" el="337" ec="2" bec="0" bev="0" fileid="2" />
                <SequencePoint vc="1" uspid="338" ordinal="321" sl="338" sc="1" el="338" ec="2" bec="0" bev="0" fileid="2" />
                <SequencePoint vc="1" uspid="339" ordinal="322" sl="339" sc="1" el="339" ec="2" bec="0" bev="0" fileid="2" />
                <SequencePoint vc="1" uspid="340" ordinal="323" sl="340" sc="1" el="340" ec="2" bec="0" bev="0" fileid="2" />
                <SequencePoint vc="1" uspid="341" ordinal="324" sl="341" sc="1" el="341" ec="2" bec="0" bev="0" fileid="2" />
                <SequencePoint vc="1" uspid="342" ordinal="325" sl="342" sc="1" el="342" ec="2" bec="0" bev="0" fileid="2" />
                <SequencePoint vc="1" uspid="343" ordinal="326" sl="343" sc="1" el="343" ec="2" bec="0" bev="0" fileid="2" />
                <SequencePoint vc="1" uspid="344" ordinal="327" sl="344" sc="1" el="344" ec="2" bec="0" bev="0" fileid="2" />
                <SequencePoint vc="1" uspid="345" ordinal="328" sl="345" sc="1" el="345" ec="2" bec="0" bev="0" fileid="2" />
                <SequencePoint vc="1" uspid="346" ordinal="329" sl="346" sc="1" el="346" ec="2" bec="0" bev="0" fileid="2" />
                <SequencePoint vc="1" uspid="347" ordinal="330" sl="347" sc="1" el="347" ec="2" bec="0" bev="0" fileid="2" />
                <SequencePoint vc="1" uspid="348" ordinal="331" sl="348" sc="1" el="348" ec="2" bec="0" bev="0" fileid="2" />
                <SequencePoint vc="1" uspid="349" ordinal="332" sl="349" sc="1" el="349" ec="2" bec="0" bev="0" fileid="2" />
                <SequencePoint vc="1" uspid="350" ordinal="333" sl="350" sc="1" el="350" ec="2" bec="0" bev="0" fileid="2" />
                <SequencePoint vc="1" uspid="351" ordinal="334" sl="351" sc="1" el="351" ec="2" bec="0" bev="0" fileid="2" />
                <SequencePoint vc="1" uspid="352" ordinal="335" sl="352" sc="1" el="352" ec="2" bec="0" bev="0" fileid="2" />
                <SequencePoint vc="1" uspid="353" ordinal="336" sl="353" sc="1" el="353" ec="2" bec="0" bev="0" fileid="2" />
                <SequencePoint vc="1" uspid="354" ordinal="337" sl="354" sc="1" el="354" ec="2" bec="0" bev="0" fileid="2" />
                <SequencePoint vc="1" uspid="355" ordinal="338" sl="355" sc="1" el="355" ec="2" bec="0" bev="0" fileid="2" />
                <SequencePoint vc="1" uspid="356" ordinal="339" sl="356" sc="1" el="356" ec="2" bec="0" bev="0" fileid="2" />
                <SequencePoint vc="1" uspid="357" ordinal="340" sl="357" sc="1" el="357" ec="2" bec="0" bev="0" fileid="2" />
                <SequencePoint vc="1" uspid="358" ordinal="341" sl="358" sc="1" el="358" ec="2" bec="0" bev="0" fileid="2" />
                <SequencePoint vc="1" uspid="359" ordinal="342" sl="359" sc="1" el="359" ec="2" bec="0" bev="0" fileid="2" />
                <SequencePoint vc="1" uspid="360" ordinal="343" sl="360" sc="1" el="360" ec="2" bec="0" bev="0" fileid="2" />
                <SequencePoint vc="1" uspid="361" ordinal="344" sl="361" sc="1" el="361" ec="2" bec="0" bev="0" fileid="2" />
                <SequencePoint vc="1" uspid="362" ordinal="345" sl="362" sc="1" el="362" ec="2" bec="0" bev="0" fileid="2" />
                <SequencePoint vc="1" uspid="363" ordinal="346" sl="363" sc="1" el="363" ec="2" bec="0" bev="0" fileid="2" />
                <SequencePoint vc="1" uspid="364" ordinal="347" sl="364" sc="1" el="364" ec="2" bec="0" bev="0" fileid="2" />
                <SequencePoint vc="1" uspid="365" ordinal="348" sl="365" sc="1" el="365" ec="2" bec="0" bev="0" fileid="2" />
                <SequencePoint vc="1" uspid="366" ordinal="349" sl="366" sc="1" el="366" ec="2" bec="0" bev="0" fileid="2" />
                <SequencePoint vc="1" uspid="367" ordinal="350" sl="367" sc="1" el="367" ec="2" bec="0" bev="0" fileid="2" />
                <SequencePoint vc="1" uspid="368" ordinal="351" sl="368" sc="1" el="368" ec="2" bec="0" bev="0" fileid="2" />
                <SequencePoint vc="1" uspid="369" ordinal="352" sl="369" sc="1" el="369" ec="2" bec="0" bev="0" fileid="2" />
                <SequencePoint vc="1" uspid="370" ordinal="353" sl="370" sc="1" el="370" ec="2" bec="0" bev="0" fileid="2" />
                <SequencePoint vc="1" uspid="371" ordinal="354" sl="371" sc="1" el="371" ec="2" bec="0" bev="0" fileid="2" />
                <SequencePoint vc="1" uspid="372" ordinal="355" sl="372" sc="1" el="372" ec="2" bec="0" bev="0" fileid="2" />
                <SequencePoint vc="1" uspid="373" ordinal="356" sl="373" sc="1" el="373" ec="2" bec="0" bev="0" fileid="2" />
                <SequencePoint vc="1" uspid="374" ordinal="357" sl="374" sc="1" el="374" ec="2" bec="0" bev="0" fileid="2" />
                <SequencePoint vc="1" uspid="375" ordinal="358" sl="375" sc="1" el="375" ec="2" bec="0" bev="0" fileid="2" />
                <SequencePoint vc="1" uspid="376" ordinal="359" sl="376" sc="1" el="376" ec="2" bec="0" bev="0" fileid="2" />
                <SequencePoint vc="1" uspid="377" ordinal="360" sl="377" sc="1" el="377" ec="2" bec="0" bev="0" fileid="2" />
                <SequencePoint vc="1" uspid="378" ordinal="361" sl="378" sc="1" el="378" ec="2" bec="0" bev="0" fileid="2" />
                <SequencePoint vc="1" uspid="379" ordinal="362" sl="379" sc="1" el="379" ec="2" bec="0" bev="0" fileid="2" />
                <SequencePoint vc="1" uspid="380" ordinal="363" sl="380" sc="1" el="380" ec="2" bec="0" bev="0" fileid="2" />
                <SequencePoint vc="1" uspid="381" ordinal="364" sl="381" sc="1" el="381" ec="2" bec="0" bev="0" fileid="2" />
                <SequencePoint vc="1" uspid="382" ordinal="365" sl="382" sc="1" el="382" ec="2" bec="0" bev="0" fileid="2" />
                <SequencePoint vc="1" uspid="383" ordinal="366" sl="383" sc="1" el="383" ec="2" bec="0" bev="0" fileid="2" />
                <SequencePoint vc="1" uspid="384" ordinal="367" sl="384" sc="1" el="384" ec="2" bec="0" bev="0" fileid="2" />
                <SequencePoint vc="1" uspid="385" ordinal="368" sl="385" sc="1" el="385" ec="2" bec="0" bev="0" fileid="2" />
                <SequencePoint vc="1" uspid="386" ordinal="369" sl="386" sc="1" el="386" ec="2" bec="0" bev="0" fileid="2" />
                <SequencePoint vc="1" uspid="387" ordinal="370" sl="387" sc="1" el="387" ec="2" bec="0" bev="0" fileid="2" />
                <SequencePoint vc="1" uspid="388" ordinal="371" sl="388" sc="1" el="388" ec="2" bec="0" bev="0" fileid="2" />
                <SequencePoint vc="1" uspid="389" ordinal="372" sl="389" sc="1" el="389" ec="2" bec="0" bev="0" fileid="2" />
                <SequencePoint vc="1" uspid="390" ordinal="373" sl="390" sc="1" el="390" ec="2" bec="0" bev="0" fileid="2" />
                <SequencePoint vc="1" uspid="391" ordinal="374" sl="391" sc="1" el="391" ec="2" bec="0" bev="0" fileid="2" />
                <SequencePoint vc="1" uspid="392" ordinal="375" sl="392" sc="1" el="392" ec="2" bec="0" bev="0" fileid="2" />
                <SequencePoint vc="1" uspid="393" ordinal="376" sl="393" sc="1" el="393" ec="2" bec="0" bev="0" fileid="2" />
                <SequencePoint vc="1" uspid="394" ordinal="377" sl="394" sc="1" el="394" ec="2" bec="0" bev="0" fileid="2" />
                <SequencePoint vc="1" uspid="395" ordinal="378" sl="395" sc="1" el="395" ec="2" bec="0" bev="0" fileid="2" />
                <SequencePoint vc="1" uspid="396" ordinal="379" sl="396" sc="1" el="396" ec="2" bec="0" bev="0" fileid="2" />
                <SequencePoint vc="1" uspid="397" ordinal="380" sl="397" sc="1" el="397" ec="2" bec="0" bev="0" fileid="2" />
                <SequencePoint vc="1" uspid="398" ordinal="381" sl="398" sc="1" el="398" ec="2" bec="0" bev="0" fileid="2" />
                <SequencePoint vc="1" uspid="399" ordinal="382" sl="399" sc="1" el="399" ec="2" bec="0" bev="0" fileid="2" />
                <SequencePoint vc="1" uspid="400" ordinal="383" sl="400" sc="1" el="400" ec="2" bec="0" bev="0" fileid="2" />
                <SequencePoint vc="1" uspid="401" ordinal="384" sl="401" sc="1" el="401" ec="2" bec="0" bev="0" fileid="2" />
                <SequencePoint vc="1" uspid="402" ordinal="385" sl="402" sc="1" el="402" ec="2" bec="0" bev="0" fileid="2" />
                <SequencePoint vc="1" uspid="403" ordinal="386" sl="403" sc="1" el="403" ec="2" bec="0" bev="0" fileid="2" />
                <SequencePoint vc="1" uspid="404" ordinal="387" sl="404" sc="1" el="404" ec="2" bec="0" bev="0" fileid="2" />
                <SequencePoint vc="1" uspid="405" ordinal="388" sl="405" sc="1" el="405" ec="2" bec="0" bev="0" fileid="2" />
                <SequencePoint vc="1" uspid="406" ordinal="389" sl="406" sc="1" el="406" ec="2" bec="0" bev="0" fileid="2" />
                <SequencePoint vc="1" uspid="407" ordinal="390" sl="407" sc="1" el="407" ec="2" bec="0" bev="0" fileid="2" />
                <SequencePoint vc="1" uspid="408" ordinal="391" sl="408" sc="1" el="408" ec="2" bec="0" bev="0" fileid="2" />
                <SequencePoint vc="1" uspid="409" ordinal="392" sl="409" sc="1" el="409" ec="2" bec="0" bev="0" fileid="2" />
                <SequencePoint vc="1" uspid="410" ordinal="393" sl="410" sc="1" el="410" ec="2" bec="0" bev="0" fileid="2" />
                <SequencePoint vc="1" uspid="411" ordinal="394" sl="411" sc="1" el="411" ec="2" bec="0" bev="0" fileid="2" />
                <SequencePoint vc="1" uspid="412" ordinal="395" sl="412" sc="1" el="412" ec="2" bec="0" bev="0" fileid="2" />
                <SequencePoint vc="1" uspid="413" ordinal="396" sl="413" sc="1" el="413" ec="2" bec="0" bev="0" fileid="2" />
                <SequencePoint vc="1" uspid="414" ordinal="397" sl="414" sc="1" el="414" ec="2" bec="0" bev="0" fileid="2" />
                <SequencePoint vc="1" uspid="415" ordinal="398" sl="415" sc="1" el="415" ec="2" bec="0" bev="0" fileid="2" />
                <SequencePoint vc="1" uspid="416" ordinal="399" sl="416" sc="1" el="416" ec="2" bec="0" bev="0" fileid="2" />
                <SequencePoint vc="1" uspid="417" ordinal="400" sl="417" sc="1" el="417" ec="2" bec="0" bev="0" fileid="2" />
                <SequencePoint vc="1" uspid="418" ordinal="401" sl="418" sc="1" el="418" ec="2" bec="0" bev="0" fileid="2" />
                <SequencePoint vc="1" uspid="419" ordinal="402" sl="419" sc="1" el="419" ec="2" bec="0" bev="0" fileid="2" />
                <SequencePoint vc="1" uspid="420" ordinal="403" sl="420" sc="1" el="420" ec="2" bec="0" bev="0" fileid="2" />
                <SequencePoint vc="1" uspid="421" ordinal="404" sl="421" sc="1" el="421" ec="2" bec="0" bev="0" fileid="2" />
                <SequencePoint vc="1" uspid="422" ordinal="405" sl="422" sc="1" el="422" ec="2" bec="0" bev="0" fileid="2" />
                <SequencePoint vc="1" uspid="423" ordinal="406" sl="423" sc="1" el="423" ec="2" bec="0" bev="0" fileid="2" />
                <SequencePoint vc="1" uspid="424" ordinal="407" sl="424" sc="1" el="424" ec="2" bec="0" bev="0" fileid="2" />
                <SequencePoint vc="1" uspid="425" ordinal="408" sl="425" sc="1" el="425" ec="2" bec="0" bev="0" fileid="2" />
                <SequencePoint vc="1" uspid="426" ordinal="409" sl="426" sc="1" el="426" ec="2" bec="0" bev="0" fileid="2" />
                <SequencePoint vc="1" uspid="427" ordinal="410" sl="427" sc="1" el="427" ec="2" bec="0" bev="0" fileid="2" />
                <SequencePoint vc="1" uspid="428" ordinal="411" sl="428" sc="1" el="428" ec="2" bec="0" bev="0" fileid="2" />
                <SequencePoint vc="1" uspid="429" ordinal="412" sl="429" sc="1" el="429" ec="2" bec="0" bev="0" fileid="2" />
                <SequencePoint vc="1" uspid="430" ordinal="413" sl="430" sc="1" el="430" ec="2" bec="0" bev="0" fileid="2" />
                <SequencePoint vc="1" uspid="431" ordinal="414" sl="431" sc="1" el="431" ec="2" bec="0" bev="0" fileid="2" />
                <SequencePoint vc="1" uspid="432" ordinal="415" sl="432" sc="1" el="432" ec="2" bec="0" bev="0" fileid="2" />
                <SequencePoint vc="1" uspid="433" ordinal="416" sl="433" sc="1" el="433" ec="2" bec="0" bev="0" fileid="2" />
                <SequencePoint vc="1" uspid="434" ordinal="417" sl="434" sc="1" el="434" ec="2" bec="0" bev="0" fileid="2" />
                <SequencePoint vc="1" uspid="435" ordinal="418" sl="435" sc="1" el="435" ec="2" bec="0" bev="0" fileid="2" />
                <SequencePoint vc="1" uspid="436" ordinal="419" sl="436" sc="1" el="436" ec="2" bec="0" bev="0" fileid="2" />
                <SequencePoint vc="1" uspid="437" ordinal="420" sl="437" sc="1" el="437" ec="2" bec="0" bev="0" fileid="2" />
                <SequencePoint vc="1" uspid="438" ordinal="421" sl="438" sc="1" el="438" ec="2" bec="0" bev="0" fileid="2" />
                <SequencePoint vc="1" uspid="439" ordinal="422" sl="439" sc="1" el="439" ec="2" bec="0" bev="0" fileid="2" />
                <SequencePoint vc="1" uspid="440" ordinal="423" sl="440" sc="1" el="440" ec="2" bec="0" bev="0" fileid="2" />
                <SequencePoint vc="1" uspid="441" ordinal="424" sl="441" sc="1" el="441" ec="2" bec="0" bev="0" fileid="2" />
                <SequencePoint vc="1" uspid="442" ordinal="425" sl="442" sc="1" el="442" ec="2" bec="0" bev="0" fileid="2" />
                <SequencePoint vc="1" uspid="443" ordinal="426" sl="443" sc="1" el="443" ec="2" bec="0" bev="0" fileid="2" />
                <SequencePoint vc="1" uspid="444" ordinal="427" sl="444" sc="1" el="444" ec="2" bec="0" bev="0" fileid="2" />
                <SequencePoint vc="1" uspid="445" ordinal="428" sl="445" sc="1" el="445" ec="2" bec="0" bev="0" fileid="2" />
                <SequencePoint vc="1" uspid="446" ordinal="429" sl="446" sc="1" el="446" ec="2" bec="0" bev="0" fileid="2" />
                <SequencePoint vc="1" uspid="447" ordinal="430" sl="447" sc="1" el="447" ec="2" bec="0" bev="0" fileid="2" />
                <SequencePoint vc="1" uspid="448" ordinal="431" sl="448" sc="1" el="448" ec="2" bec="0" bev="0" fileid="2" />
                <SequencePoint vc="1" uspid="449" ordinal="432" sl="449" sc="1" el="449" ec="2" bec="0" bev="0" fileid="2" />
                <SequencePoint vc="1" uspid="450" ordinal="433" sl="450" sc="1" el="450" ec="2" bec="0" bev="0" fileid="2" />
                <SequencePoint vc="1" uspid="451" ordinal="434" sl="451" sc="1" el="451" ec="2" bec="0" bev="0" fileid="2" />
                <SequencePoint vc="1" uspid="452" ordinal="435" sl="452" sc="1" el="452" ec="2" bec="0" bev="0" fileid="2" />
                <SequencePoint vc="1" uspid="453" ordinal="436" sl="453" sc="1" el="453" ec="2" bec="0" bev="0" fileid="2" />
                <SequencePoint vc="1" uspid="454" ordinal="437" sl="454" sc="1" el="454" ec="2" bec="0" bev="0" fileid="2" />
                <SequencePoint vc="1" uspid="455" ordinal="438" sl="455" sc="1" el="455" ec="2" bec="0" bev="0" fileid="2" />
                <SequencePoint vc="1" uspid="456" ordinal="439" sl="456" sc="1" el="456" ec="2" bec="0" bev="0" fileid="2" />
                <SequencePoint vc="1" uspid="457" ordinal="440" sl="457" sc="1" el="457" ec="2" bec="0" bev="0" fileid="2" />
                <SequencePoint vc="1" uspid="458" ordinal="441" sl="458" sc="1" el="458" ec="2" bec="0" bev="0" fileid="2" />
                <SequencePoint vc="1" uspid="459" ordinal="442" sl="459" sc="1" el="459" ec="2" bec="0" bev="0" fileid="2" />
                <SequencePoint vc="1" uspid="460" ordinal="443" sl="460" sc="1" el="460" ec="2" bec="0" bev="0" fileid="2" />
                <SequencePoint vc="1" uspid="461" ordinal="444" sl="461" sc="1" el="461" ec="2" bec="0" bev="0" fileid="2" />
                <SequencePoint vc="1" uspid="462" ordinal="445" sl="462" sc="1" el="462" ec="2" bec="0" bev="0" fileid="2" />
                <SequencePoint vc="1" uspid="463" ordinal="446" sl="463" sc="1" el="463" ec="2" bec="0" bev="0" fileid="2" />
                <SequencePoint vc="1" uspid="464" ordinal="447" sl="464" sc="1" el="464" ec="2" bec="0" bev="0" fileid="2" />
                <SequencePoint vc="1" uspid="465" ordinal="448" sl="465" sc="1" el="465" ec="2" bec="0" bev="0" fileid="2" />
                <SequencePoint vc="1" uspid="466" ordinal="449" sl="466" sc="1" el="466" ec="2" bec="0" bev="0" fileid="2" />
                <SequencePoint vc="1" uspid="467" ordinal="450" sl="467" sc="1" el="467" ec="2" bec="0" bev="0" fileid="2" />
                <SequencePoint vc="1" uspid="468" ordinal="451" sl="468" sc="1" el="468" ec="2" bec="0" bev="0" fileid="2" />
                <SequencePoint vc="1" uspid="469" ordinal="452" sl="469" sc="1" el="469" ec="2" bec="0" bev="0" fileid="2" />
                <SequencePoint vc="1" uspid="470" ordinal="453" sl="470" sc="1" el="470" ec="2" bec="0" bev="0" fileid="2" />
                <SequencePoint vc="1" uspid="471" ordinal="454" sl="471" sc="1" el="471" ec="2" bec="0" bev="0" fileid="2" />
                <SequencePoint vc="1" uspid="472" ordinal="455" sl="472" sc="1" el="472" ec="2" bec="0" bev="0" fileid="2" />
                <SequencePoint vc="1" uspid="473" ordinal="456" sl="473" sc="1" el="473" ec="2" bec="0" bev="0" fileid="2" />
                <SequencePoint vc="1" uspid="474" ordinal="457" sl="474" sc="1" el="474" ec="2" bec="0" bev="0" fileid="2" />
                <SequencePoint vc="1" uspid="475" ordinal="458" sl="475" sc="1" el="475" ec="2" bec="0" bev="0" fileid="2" />
                <SequencePoint vc="1" uspid="476" ordinal="459" sl="476" sc="1" el="476" ec="2" bec="0" bev="0" fileid="2" />
                <SequencePoint vc="1" uspid="477" ordinal="460" sl="477" sc="1" el="477" ec="2" bec="0" bev="0" fileid="2" />
                <SequencePoint vc="1" uspid="478" ordinal="461" sl="478" sc="1" el="478" ec="2" bec="0" bev="0" fileid="2" />
                <SequencePoint vc="1" uspid="479" ordinal="462" sl="479" sc="1" el="479" ec="2" bec="0" bev="0" fileid="2" />
                <SequencePoint vc="1" uspid="480" ordinal="463" sl="480" sc="1" el="480" ec="2" bec="0" bev="0" fileid="2" />
                <SequencePoint vc="1" uspid="481" ordinal="464" sl="481" sc="1" el="481" ec="2" bec="0" bev="0" fileid="2" />
                <SequencePoint vc="1" uspid="482" ordinal="465" sl="482" sc="1" el="482" ec="2" bec="0" bev="0" fileid="2" />
                <SequencePoint vc="1" uspid="483" ordinal="466" sl="483" sc="1" el="483" ec="2" bec="0" bev="0" fileid="2" />
                <SequencePoint vc="1" uspid="484" ordinal="467" sl="484" sc="1" el="484" ec="2" bec="0" bev="0" fileid="2" />
                <SequencePoint vc="1" uspid="485" ordinal="468" sl="485" sc="1" el="485" ec="2" bec="0" bev="0" fileid="2" />
                <SequencePoint vc="1" uspid="486" ordinal="469" sl="486" sc="1" el="486" ec="2" bec="0" bev="0" fileid="2" />
                <SequencePoint vc="1" uspid="487" ordinal="470" sl="487" sc="1" el="487" ec="2" bec="0" bev="0" fileid="2" />
                <SequencePoint vc="1" uspid="488" ordinal="471" sl="488" sc="1" el="488" ec="2" bec="0" bev="0" fileid="2" />
                <SequencePoint vc="1" uspid="489" ordinal="472" sl="489" sc="1" el="489" ec="2" bec="0" bev="0" fileid="2" />
                <SequencePoint vc="1" uspid="490" ordinal="473" sl="490" sc="1" el="490" ec="2" bec="0" bev="0" fileid="2" />
                <SequencePoint vc="1" uspid="491" ordinal="474" sl="491" sc="1" el="491" ec="2" bec="0" bev="0" fileid="2" />
                <SequencePoint vc="1" uspid="492" ordinal="475" sl="492" sc="1" el="492" ec="2" bec="0" bev="0" fileid="2" />
                <SequencePoint vc="1" uspid="493" ordinal="476" sl="493" sc="1" el="493" ec="2" bec="0" bev="0" fileid="2" />
                <SequencePoint vc="1" uspid="494" ordinal="477" sl="494" sc="1" el="494" ec="2" bec="0" bev="0" fileid="2" />
                <SequencePoint vc="1" uspid="495" ordinal="478" sl="495" sc="1" el="495" ec="2" bec="0" bev="0" fileid="2" />
                <SequencePoint vc="1" uspid="496" ordinal="479" sl="496" sc="1" el="496" ec="2" bec="0" bev="0" fileid="2" />
                <SequencePoint vc="1" uspid="497" ordinal="480" sl="497" sc="1" el="497" ec="2" bec="0" bev="0" fileid="2" />
                <SequencePoint vc="1" uspid="498" ordinal="481" sl="498" sc="1" el="498" ec="2" bec="0" bev="0" fileid="2" />
                <SequencePoint vc="1" uspid="499" ordinal="482" sl="499" sc="1" el="499" ec="2" bec="0" bev="0" fileid="2" />
                <SequencePoint vc="1" uspid="500" ordinal="483" sl="500" sc="1" el="500" ec="2" bec="0" bev="0" fileid="2" />
                <SequencePoint vc="1" uspid="501" ordinal="484" sl="501" sc="1" el="501" ec="2" bec="0" bev="0" fileid="2" />
                <SequencePoint vc="1" uspid="502" ordinal="485" sl="502" sc="1" el="502" ec="2" bec="0" bev="0" fileid="2" />
                <SequencePoint vc="1" uspid="503" ordinal="486" sl="503" sc="1" el="503" ec="2" bec="0" bev="0" fileid="2" />
                <SequencePoint vc="1" uspid="504" ordinal="487" sl="504" sc="1" el="504" ec="2" bec="0" bev="0" fileid="2" />
                <SequencePoint vc="1" uspid="505" ordinal="488" sl="505" sc="1" el="505" ec="2" bec="0" bev="0" fileid="2" />
                <SequencePoint vc="1" uspid="506" ordinal="489" sl="506" sc="1" el="506" ec="2" bec="0" bev="0" fileid="2" />
                <SequencePoint vc="1" uspid="507" ordinal="490" sl="507" sc="1" el="507" ec="2" bec="0" bev="0" fileid="2" />
                <SequencePoint vc="1" uspid="508" ordinal="491" sl="508" sc="1" el="508" ec="2" bec="0" bev="0" fileid="2" />
                <SequencePoint vc="1" uspid="509" ordinal="492" sl="509" sc="1" el="509" ec="2" bec="0" bev="0" fileid="2" />
                <SequencePoint vc="1" uspid="510" ordinal="493" sl="510" sc="1" el="510" ec="2" bec="0" bev="0" fileid="2" />
                <SequencePoint vc="1" uspid="511" ordinal="494" sl="511" sc="1" el="511" ec="2" bec="0" bev="0" fileid="2" />
                <SequencePoint vc="1" uspid="512" ordinal="495" sl="512" sc="1" el="512" ec="2" bec="0" bev="0" fileid="2" />
                <SequencePoint vc="1" uspid="513" ordinal="496" sl="513" sc="1" el="513" ec="2" bec="0" bev="0" fileid="2" />
                <SequencePoint vc="1" uspid="514" ordinal="497" sl="514" sc="1" el="514" ec="2" bec="0" bev="0" fileid="2" />
                <SequencePoint vc="1" uspid="515" ordinal="498" sl="515" sc="1" el="515" ec="2" bec="0" bev="0" fileid="2" />
                <SequencePoint vc="1" uspid="516" ordinal="499" sl="516" sc="1" el="516" ec="2" bec="0" bev="0" fileid="2" />
                <SequencePoint vc="1" uspid="517" ordinal="500" sl="517" sc="1" el="517" ec="2" bec="0" bev="0" fileid="2" />
                <SequencePoint vc="1" uspid="518" ordinal="501" sl="518" sc="1" el="518" ec="2" bec="0" bev="0" fileid="2" />
                <SequencePoint vc="1" uspid="519" ordinal="502" sl="519" sc="1" el="519" ec="2" bec="0" bev="0" fileid="2" />
                <SequencePoint vc="1" uspid="520" ordinal="503" sl="520" sc="1" el="520" ec="2" bec="0" bev="0" fileid="2" />
                <SequencePoint vc="1" uspid="521" ordinal="504" sl="521" sc="1" el="521" ec="2" bec="0" bev="0" fileid="2" />
                <SequencePoint vc="1" uspid="522" ordinal="505" sl="522" sc="1" el="522" ec="2" bec="0" bev="0" fileid="2" />
                <SequencePoint vc="1" uspid="523" ordinal="506" sl="523" sc="1" el="523" ec="2" bec="0" bev="0" fileid="2" />
                <SequencePoint vc="1" uspid="524" ordinal="507" sl="524" sc="1" el="524" ec="2" bec="0" bev="0" fileid="2" />
                <SequencePoint vc="1" uspid="525" ordinal="508" sl="525" sc="1" el="525" ec="2" bec="0" bev="0" fileid="2" />
                <SequencePoint vc="1" uspid="526" ordinal="509" sl="526" sc="1" el="526" ec="2" bec="0" bev="0" fileid="2" />
                <SequencePoint vc="1" uspid="527" ordinal="510" sl="527" sc="1" el="527" ec="2" bec="0" bev="0" fileid="2" />
                <SequencePoint vc="1" uspid="528" ordinal="511" sl="528" sc="1" el="528" ec="2" bec="0" bev="0" fileid="2" />
                <SequencePoint vc="1" uspid="529" ordinal="512" sl="529" sc="1" el="529" ec="2" bec="0" bev="0" fileid="2" />
                <SequencePoint vc="1" uspid="530" ordinal="513" sl="530" sc="1" el="530" ec="2" bec="0" bev="0" fileid="2" />
                <SequencePoint vc="1" uspid="531" ordinal="514" sl="531" sc="1" el="531" ec="2" bec="0" bev="0" fileid="2" />
                <SequencePoint vc="1" uspid="532" ordinal="515" sl="532" sc="1" el="532" ec="2" bec="0" bev="0" fileid="2" />
                <SequencePoint vc="1" uspid="533" ordinal="516" sl="533" sc="1" el="533" ec="2" bec="0" bev="0" fileid="2" />
                <SequencePoint vc="1" uspid="534" ordinal="517" sl="534" sc="1" el="534" ec="2" bec="0" bev="0" fileid="2" />
                <SequencePoint vc="1" uspid="535" ordinal="518" sl="535" sc="1" el="535" ec="2" bec="0" bev="0" fileid="2" />
                <SequencePoint vc="1" uspid="536" ordinal="519" sl="536" sc="1" el="536" ec="2" bec="0" bev="0" fileid="2" />
                <SequencePoint vc="1" uspid="537" ordinal="520" sl="537" sc="1" el="537" ec="2" bec="0" bev="0" fileid="2" />
                <SequencePoint vc="1" uspid="538" ordinal="521" sl="538" sc="1" el="538" ec="2" bec="0" bev="0" fileid="2" />
                <SequencePoint vc="1" uspid="539" ordinal="522" sl="539" sc="1" el="539" ec="2" bec="0" bev="0" fileid="2" />
                <SequencePoint vc="1" uspid="540" ordinal="523" sl="540" sc="1" el="540" ec="2" bec="0" bev="0" fileid="2" />
                <SequencePoint vc="1" uspid="541" ordinal="524" sl="541" sc="1" el="541" ec="2" bec="0" bev="0" fileid="2" />
                <SequencePoint vc="1" uspid="542" ordinal="525" sl="542" sc="1" el="542" ec="2" bec="0" bev="0" fileid="2" />
                <SequencePoint vc="1" uspid="543" ordinal="526" sl="543" sc="1" el="543" ec="2" bec="0" bev="0" fileid="2" />
                <SequencePoint vc="1" uspid="544" ordinal="527" sl="544" sc="1" el="544" ec="2" bec="0" bev="0" fileid="2" />
                <SequencePoint vc="1" uspid="545" ordinal="528" sl="545" sc="1" el="545" ec="2" bec="0" bev="0" fileid="2" />
                <SequencePoint vc="1" uspid="546" ordinal="529" sl="546" sc="1" el="546" ec="2" bec="0" bev="0" fileid="2" />
                <SequencePoint vc="1" uspid="547" ordinal="530" sl="547" sc="1" el="547" ec="2" bec="0" bev="0" fileid="2" />
                <SequencePoint vc="1" uspid="548" ordinal="531" sl="548" sc="1" el="548" ec="2" bec="0" bev="0" fileid="2" />
                <SequencePoint vc="1" uspid="549" ordinal="532" sl="549" sc="1" el="549" ec="2" bec="0" bev="0" fileid="2" />
                <SequencePoint vc="1" uspid="550" ordinal="533" sl="550" sc="1" el="550" ec="2" bec="0" bev="0" fileid="2" />
                <SequencePoint vc="1" uspid="551" ordinal="534" sl="551" sc="1" el="551" ec="2" bec="0" bev="0" fileid="2" />
                <SequencePoint vc="1" uspid="552" ordinal="535" sl="552" sc="1" el="552" ec="2" bec="0" bev="0" fileid="2" />
                <SequencePoint vc="1" uspid="553" ordinal="536" sl="553" sc="1" el="553" ec="2" bec="0" bev="0" fileid="2" />
                <SequencePoint vc="1" uspid="554" ordinal="537" sl="554" sc="1" el="554" ec="2" bec="0" bev="0" fileid="2" />
                <SequencePoint vc="1" uspid="555" ordinal="538" sl="555" sc="1" el="555" ec="2" bec="0" bev="0" fileid="2" />
                <SequencePoint vc="1" uspid="556" ordinal="539" sl="556" sc="1" el="556" ec="2" bec="0" bev="0" fileid="2" />
                <SequencePoint vc="1" uspid="557" ordinal="540" sl="557" sc="1" el="557" ec="2" bec="0" bev="0" fileid="2" />
                <SequencePoint vc="1" uspid="558" ordinal="541" sl="558" sc="1" el="558" ec="2" bec="0" bev="0" fileid="2" />
                <SequencePoint vc="1" uspid="559" ordinal="542" sl="559" sc="1" el="559" ec="2" bec="0" bev="0" fileid="2" />
                <SequencePoint vc="1" uspid="560" ordinal="543" sl="560" sc="1" el="560" ec="2" bec="0" bev="0" fileid="2" />
                <SequencePoint vc="1" uspid="561" ordinal="544" sl="561" sc="1" el="561" ec="2" bec="0" bev="0" fileid="2" />
                <SequencePoint vc="1" uspid="562" ordinal="545" sl="562" sc="1" el="562" ec="2" bec="0" bev="0" fileid="2" />
                <SequencePoint vc="1" uspid="563" ordinal="546" sl="563" sc="1" el="563" ec="2" bec="0" bev="0" fileid="2" />
                <SequencePoint vc="1" uspid="564" ordinal="547" sl="564" sc="1" el="564" ec="2" bec="0" bev="0" fileid="2" />
                <SequencePoint vc="1" uspid="565" ordinal="548" sl="565" sc="1" el="565" ec="2" bec="0" bev="0" fileid="2" />
                <SequencePoint vc="1" uspid="566" ordinal="549" sl="566" sc="1" el="566" ec="2" bec="0" bev="0" fileid="2" />
                <SequencePoint vc="1" uspid="567" ordinal="550" sl="567" sc="1" el="567" ec="2" bec="0" bev="0" fileid="2" />
                <SequencePoint vc="1" uspid="568" ordinal="551" sl="568" sc="1" el="568" ec="2" bec="0" bev="0" fileid="2" />
                <SequencePoint vc="1" uspid="569" ordinal="552" sl="569" sc="1" el="569" ec="2" bec="0" bev="0" fileid="2" />
                <SequencePoint vc="1" uspid="570" ordinal="553" sl="570" sc="1" el="570" ec="2" bec="0" bev="0" fileid="2" />
                <SequencePoint vc="1" uspid="571" ordinal="554" sl="571" sc="1" el="571" ec="2" bec="0" bev="0" fileid="2" />
                <SequencePoint vc="1" uspid="572" ordinal="555" sl="572" sc="1" el="572" ec="2" bec="0" bev="0" fileid="2" />
                <SequencePoint vc="1" uspid="573" ordinal="556" sl="573" sc="1" el="573" ec="2" bec="0" bev="0" fileid="2" />
                <SequencePoint vc="1" uspid="574" ordinal="557" sl="574" sc="1" el="574" ec="2" bec="0" bev="0" fileid="2" />
                <SequencePoint vc="1" uspid="575" ordinal="558" sl="575" sc="1" el="575" ec="2" bec="0" bev="0" fileid="2" />
                <SequencePoint vc="1" uspid="576" ordinal="559" sl="576" sc="1" el="576" ec="2" bec="0" bev="0" fileid="2" />
                <SequencePoint vc="1" uspid="577" ordinal="560" sl="577" sc="1" el="577" ec="2" bec="0" bev="0" fileid="2" />
                <SequencePoint vc="1" uspid="578" ordinal="561" sl="578" sc="1" el="578" ec="2" bec="0" bev="0" fileid="2" />
                <SequencePoint vc="1" uspid="579" ordinal="562" sl="579" sc="1" el="579" ec="2" bec="0" bev="0" fileid="2" />
                <SequencePoint vc="1" uspid="580" ordinal="563" sl="580" sc="1" el="580" ec="2" bec="0" bev="0" fileid="2" />
                <SequencePoint vc="1" uspid="581" ordinal="564" sl="581" sc="1" el="581" ec="2" bec="0" bev="0" fileid="2" />
                <SequencePoint vc="1" uspid="582" ordinal="565" sl="582" sc="1" el="582" ec="2" bec="0" bev="0" fileid="2" />
                <SequencePoint vc="1" uspid="583" ordinal="566" sl="583" sc="1" el="583" ec="2" bec="0" bev="0" fileid="2" />
                <SequencePoint vc="1" uspid="584" ordinal="567" sl="584" sc="1" el="584" ec="2" bec="0" bev="0" fileid="2" />
                <SequencePoint vc="1" uspid="585" ordinal="568" sl="585" sc="1" el="585" ec="2" bec="0" bev="0" fileid="2" />
                <SequencePoint vc="1" uspid="586" ordinal="569" sl="586" sc="1" el="586" ec="2" bec="0" bev="0" fileid="2" />
                <SequencePoint vc="1" uspid="587" ordinal="570" sl="587" sc="1" el="587" ec="2" bec="0" bev="0" fileid="2" />
                <SequencePoint vc="1" uspid="588" ordinal="571" sl="588" sc="1" el="588" ec="2" bec="0" bev="0" fileid="2" />
                <SequencePoint vc="1" uspid="589" ordinal="572" sl="589" sc="1" el="589" ec="2" bec="0" bev="0" fileid="2" />
                <SequencePoint vc="1" uspid="590" ordinal="573" sl="590" sc="1" el="590" ec="2" bec="0" bev="0" fileid="2" />
                <SequencePoint vc="1" uspid="591" ordinal="574" sl="591" sc="1" el="591" ec="2" bec="0" bev="0" fileid="2" />
                <SequencePoint vc="1" uspid="592" ordinal="575" sl="592" sc="1" el="592" ec="2" bec="0" bev="0" fileid="2" />
                <SequencePoint vc="1" uspid="593" ordinal="576" sl="593" sc="1" el="593" ec="2" bec="0" bev="0" fileid="2" />
                <SequencePoint vc="1" uspid="594" ordinal="577" sl="594" sc="1" el="594" ec="2" bec="0" bev="0" fileid="2" />
                <SequencePoint vc="1" uspid="595" ordinal="578" sl="595" sc="1" el="595" ec="2" bec="0" bev="0" fileid="2" />
                <SequencePoint vc="1" uspid="596" ordinal="579" sl="596" sc="1" el="596" ec="2" bec="0" bev="0" fileid="2" />
                <SequencePoint vc="1" uspid="597" ordinal="580" sl="597" sc="1" el="597" ec="2" bec="0" bev="0" fileid="2" />
                <SequencePoint vc="1" uspid="598" ordinal="581" sl="598" sc="1" el="598" ec="2" bec="0" bev="0" fileid="2" />
                <SequencePoint vc="1" uspid="599" ordinal="582" sl="599" sc="1" el="599" ec="2" bec="0" bev="0" fileid="2" />
                <SequencePoint vc="1" uspid="600" ordinal="583" sl="600" sc="1" el="600" ec="2" bec="0" bev="0" fileid="2" />
                <SequencePoint vc="1" uspid="601" ordinal="584" sl="601" sc="1" el="601" ec="2" bec="0" bev="0" fileid="2" />
                <SequencePoint vc="1" uspid="602" ordinal="585" sl="602" sc="1" el="602" ec="2" bec="0" bev="0" fileid="2" />
                <SequencePoint vc="1" uspid="603" ordinal="586" sl="603" sc="1" el="603" ec="2" bec="0" bev="0" fileid="2" />
                <SequencePoint vc="1" uspid="604" ordinal="587" sl="604" sc="1" el="604" ec="2" bec="0" bev="0" fileid="2" />
                <SequencePoint vc="1" uspid="605" ordinal="588" sl="605" sc="1" el="605" ec="2" bec="0" bev="0" fileid="2" />
                <SequencePoint vc="1" uspid="606" ordinal="589" sl="606" sc="1" el="606" ec="2" bec="0" bev="0" fileid="2" />
                <SequencePoint vc="1" uspid="607" ordinal="590" sl="607" sc="1" el="607" ec="2" bec="0" bev="0" fileid="2" />
                <SequencePoint vc="1" uspid="608" ordinal="591" sl="608" sc="1" el="608" ec="2" bec="0" bev="0" fileid="2" />
                <SequencePoint vc="1" uspid="609" ordinal="592" sl="609" sc="1" el="609" ec="2" bec="0" bev="0" fileid="2" />
                <SequencePoint vc="1" uspid="610" ordinal="593" sl="610" sc="1" el="610" ec="2" bec="0" bev="0" fileid="2" />
                <SequencePoint vc="1" uspid="611" ordinal="594" sl="611" sc="1" el="611" ec="2" bec="0" bev="0" fileid="2" />
                <SequencePoint vc="1" uspid="612" ordinal="595" sl="612" sc="1" el="612" ec="2" bec="0" bev="0" fileid="2" />
                <SequencePoint vc="1" uspid="613" ordinal="596" sl="613" sc="1" el="613" ec="2" bec="0" bev="0" fileid="2" />
                <SequencePoint vc="1" uspid="614" ordinal="597" sl="614" sc="1" el="614" ec="2" bec="0" bev="0" fileid="2" />
                <SequencePoint vc="1" uspid="615" ordinal="598" sl="615" sc="1" el="615" ec="2" bec="0" bev="0" fileid="2" />
                <SequencePoint vc="1" uspid="616" ordinal="599" sl="616" sc="1" el="616" ec="2" bec="0" bev="0" fileid="2" />
[...]
            </Method>
            <Method cyclomaticComplexity="1" nPathComplexity="0" sequenceCoverage="0" branchCoverage="100" isConstructor="True" isGetter="False" isSetter="False" isStatic="True">
              <Summary numSequencePoints="3" visitedSequencePoints="0" numBranchPoints="0" visitedBranchPoints="0" sequenceCoverage="0" branchCoverage="100" maxCyclomaticComplexity="1" minCyclomaticComplexity="1" visitedClasses="0" numClasses="0" visitedMethods="0" numMethods="1" />
              <MetadataToken />
              <Name>System.Void Pulumi.Azure.Extensions.Utils.TempStorage::.ctor()</Name>
              <FileRef uid="3" />
              <SequencePoints>
                <SequencePoint vc="0" uspid="11" ordinal="0" sl="11" sc="1" el="11" ec="2" bec="0" bev="0" fileid="3" />
                <SequencePoint vc="0" uspid="12" ordinal="1" sl="12" sc="1" el="12" ec="2" bec="0" bev="0" fileid="3" />
                <SequencePoint vc="0" uspid="13" ordinal="2" sl="13" sc="1" el="13" ec="2" bec="0" bev="0" fileid="3" />
              </SequencePoints>
              <BranchPoints />
              <MethodPoint vc="0" uspid="0" p8:type="SequencePoint" ordinal="8" offset="8" sc="0" sl="11" ec="1" el="13" bec="0" bev="0" fileid="3" xmlns:p8="xsi" />
            </Method>
            <Method cyclomaticComplexity="1" nPathComplexity="0" sequenceCoverage="0" branchCoverage="100" isConstructor="True" isGetter="False" isSetter="False" isStatic="True">
              <Summary numSequencePoints="6" visitedSequencePoints="0" numBranchPoints="0" visitedBranchPoints="0" sequenceCoverage="0" branchCoverage="100" maxCyclomaticComplexity="1" minCyclomaticComplexity="1" visitedClasses="0" numClasses="0" visitedMethods="0" numMethods="1" />
              <MetadataToken />
              <Name>System.Void Pulumi.Azure.Extensions.Utils.TempStorage::.ctor(System.String)</Name>
              <FileRef uid="3" />
              <SequencePoints>
                <SequencePoint vc="0" uspid="19" ordinal="0" sl="19" sc="1" el="19" ec="2" bec="0" bev="0" fileid="3" />
                <SequencePoint vc="0" uspid="20" ordinal="1" sl="20" sc="1" el="20" ec="2" bec="0" bev="0" fileid="3" />
                <SequencePoint vc="0" uspid="21" ordinal="2" sl="21" sc="1" el="21" ec="2" bec="0" bev="0" fileid="3" />
                <SequencePoint vc="0" uspid="22" ordinal="3" sl="22" sc="1" el="22" ec="2" bec="0" bev="0" fileid="3" />
                <SequencePoint vc="0" uspid="23" ordinal="4" sl="23" sc="1" el="23" ec="2" bec="0" bev="0" fileid="3" />
                <SequencePoint vc="0" uspid="24" ordinal="5" sl="24" sc="1" el="24" ec="2" bec="0" bev="0" fileid="3" />
              </SequencePoints>
              <BranchPoints />
              <MethodPoint vc="0" uspid="0" p8:type="SequencePoint" ordinal="9" offset="9" sc="0" sl="19" ec="1" el="24" bec="0" bev="0" fileid="3" xmlns:p8="xsi" />
            </Method>
          </Methods>
        </Class>
        <Class>
          <Summary numSequencePoints="6" visitedSequencePoints="4" numBranchPoints="0" visitedBranchPoints="0" sequenceCoverage="66.66" branchCoverage="100" maxCyclomaticComplexity="1" minCyclomaticComplexity="1" visitedClasses="1" numClasses="1" visitedMethods="4" numMethods="6" />
          <FullName>Pulumi.Azure.Extensions.Storage.BlobCollectionArgs</FullName>
          <Methods>
            <Method cyclomaticComplexity="1" nPathComplexity="0" sequenceCoverage="0" branchCoverage="100" isConstructor="False" isGetter="True" isSetter="False" isStatic="True">
              <Summary numSequencePoints="1" visitedSequencePoints="0" numBranchPoints="0" visitedBranchPoints="0" sequenceCoverage="0" branchCoverage="100" maxCyclomaticComplexity="1" minCyclomaticComplexity="1" visitedClasses="0" numClasses="0" visitedMethods="0" numMethods="1" />
              <MetadataToken />
              <Name>Pulumi.Input`1&lt;System.String&gt; Pulumi.Azure.Extensions.Storage.BlobCollectionArgs::get_AccessTier()</Name>
              <FileRef uid="4" />
              <SequencePoints>
                <SequencePoint vc="0" uspid="17" ordinal="0" sl="17" sc="1" el="17" ec="2" bec="0" bev="0" fileid="4" />
              </SequencePoints>
              <BranchPoints />
              <MethodPoint vc="0" uspid="0" p8:type="SequencePoint" ordinal="0" offset="0" sc="0" sl="17" ec="1" el="17" bec="0" bev="0" fileid="4" xmlns:p8="xsi" />
            </Method>
            <Method cyclomaticComplexity="1" nPathComplexity="0" sequenceCoverage="0" branchCoverage="100" isConstructor="False" isGetter="True" isSetter="False" isStatic="True">
              <Summary numSequencePoints="1" visitedSequencePoints="0" numBranchPoints="0" visitedBranchPoints="0" sequenceCoverage="0" branchCoverage="100" maxCyclomaticComplexity="1" minCyclomaticComplexity="1" visitedClasses="0" numClasses="0" visitedMethods="0" numMethods="1" />
              <MetadataToken />
              <Name>Pulumi.Input`1&lt;System.Int32&gt; Pulumi.Azure.Extensions.Storage.BlobCollectionArgs::get_Parallelism()</Name>
              <FileRef uid="4" />
              <SequencePoints>
                <SequencePoint vc="0" uspid="23" ordinal="0" sl="23" sc="1" el="23" ec="2" bec="0" bev="0" fileid="4" />
              </SequencePoints>
              <BranchPoints />
              <MethodPoint vc="0" uspid="0" p8:type="SequencePoint" ordinal="1" offset="1" sc="0" sl="23" ec="1" el="23" bec="0" bev="0" fileid="4" xmlns:p8="xsi" />
            </Method>
            <Method cyclomaticComplexity="1" nPathComplexity="0" sequenceCoverage="100" branchCoverage="100" isConstructor="False" isGetter="True" isSetter="False" isStatic="True">
              <Summary numSequencePoints="1" visitedSequencePoints="1" numBranchPoints="0" visitedBranchPoints="0" sequenceCoverage="100" branchCoverage="100" maxCyclomaticComplexity="1" minCyclomaticComplexity="1" visitedClasses="0" numClasses="0" visitedMethods="1" numMethods="1" />
              <MetadataToken />
              <Name>System.String Pulumi.Azure.Extensions.Storage.BlobCollectionArgs::get_Source()</Name>
              <FileRef uid="4" />
              <SequencePoints>
                <SequencePoint vc="9" uspid="28" ordinal="0" sl="28" sc="1" el="28" ec="2" bec="0" bev="0" fileid="4" />
              </SequencePoints>
              <BranchPoints />
              <MethodPoint vc="1" uspid="0" p8:type="SequencePoint" ordinal="2" offset="2" sc="0" sl="28" ec="1" el="28" bec="0" bev="0" fileid="4" xmlns:p8="xsi" />
            </Method>
            <Method cyclomaticComplexity="1" nPathComplexity="0" sequenceCoverage="100" branchCoverage="100" isConstructor="False" isGetter="True" isSetter="False" isStatic="True">
              <Summary numSequencePoints="1" visitedSequencePoints="1" numBranchPoints="0" visitedBranchPoints="0" sequenceCoverage="100" branchCoverage="100" maxCyclomaticComplexity="1" minCyclomaticComplexity="1" visitedClasses="0" numClasses="0" visitedMethods="1" numMethods="1" />
              <MetadataToken />
              <Name>Pulumi.Input`1&lt;System.String&gt; Pulumi.Azure.Extensions.Storage.BlobCollectionArgs::get_StorageAccountName()</Name>
              <FileRef uid="4" />
              <SequencePoints>
                <SequencePoint vc="7" uspid="35" ordinal="0" sl="35" sc="1" el="35" ec="2" bec="0" bev="0" fileid="4" />
              </SequencePoints>
              <BranchPoints />
              <MethodPoint vc="1" uspid="0" p8:type="SequencePoint" ordinal="3" offset="3" sc="0" sl="35" ec="1" el="35" bec="0" bev="0" fileid="4" xmlns:p8="xsi" />
            </Method>
            <Method cyclomaticComplexity="1" nPathComplexity="0" sequenceCoverage="100" branchCoverage="100" isConstructor="False" isGetter="True" isSetter="False" isStatic="True">
              <Summary numSequencePoints="1" visitedSequencePoints="1" numBranchPoints="0" visitedBranchPoints="0" sequenceCoverage="100" branchCoverage="100" maxCyclomaticComplexity="1" minCyclomaticComplexity="1" visitedClasses="0" numClasses="0" visitedMethods="1" numMethods="1" />
              <MetadataToken />
              <Name>Pulumi.Input`1&lt;System.String&gt; Pulumi.Azure.Extensions.Storage.BlobCollectionArgs::get_StorageContainerName()</Name>
              <FileRef uid="4" />
              <SequencePoints>
                <SequencePoint vc="7" uspid="41" ordinal="0" sl="41" sc="1" el="41" ec="2" bec="0" bev="0" fileid="4" />
              </SequencePoints>
              <BranchPoints />
              <MethodPoint vc="1" uspid="0" p8:type="SequencePoint" ordinal="4" offset="4" sc="0" sl="41" ec="1" el="41" bec="0" bev="0" fileid="4" xmlns:p8="xsi" />
            </Method>
            <Method cyclomaticComplexity="1" nPathComplexity="0" sequenceCoverage="100" branchCoverage="100" isConstructor="False" isGetter="True" isSetter="False" isStatic="True">
              <Summary numSequencePoints="1" visitedSequencePoints="1" numBranchPoints="0" visitedBranchPoints="0" sequenceCoverage="100" branchCoverage="100" maxCyclomaticComplexity="1" minCyclomaticComplexity="1" visitedClasses="0" numClasses="0" visitedMethods="1" numMethods="1" />
              <MetadataToken />
              <Name>Pulumi.Input`1&lt;System.String&gt; Pulumi.Azure.Extensions.Storage.BlobCollectionArgs::get_Type()</Name>
              <FileRef uid="4" />
              <SequencePoints>
                <SequencePoint vc="7" uspid="47" ordinal="0" sl="47" sc="1" el="47" ec="2" bec="0" bev="0" fileid="4" />
              </SequencePoints>
              <BranchPoints />
              <MethodPoint vc="1" uspid="0" p8:type="SequencePoint" ordinal="5" offset="5" sc="0" sl="47" ec="1" el="47" bec="0" bev="0" fileid="4" xmlns:p8="xsi" />
            </Method>
          </Methods>
        </Class>
        <Class>
          <Summary numSequencePoints="48" visitedSequencePoints="41" numBranchPoints="12" visitedBranchPoints="8" sequenceCoverage="85.41" branchCoverage="66.66" maxCyclomaticComplexity="8" minCyclomaticComplexity="4" visitedClasses="1" numClasses="1" visitedMethods="2" numMethods="2" />
          <FullName>Pulumi.Azure.Extensions.Storage.BlobCollection</FullName>
          <Methods>
            <Method cyclomaticComplexity="4" nPathComplexity="0" sequenceCoverage="93.75" branchCoverage="75" isConstructor="False" isGetter="False" isSetter="False" isStatic="True">
              <Summary numSequencePoints="16" visitedSequencePoints="15" numBranchPoints="4" visitedBranchPoints="3" sequenceCoverage="93.75" branchCoverage="75" maxCyclomaticComplexity="4" minCyclomaticComplexity="4" visitedClasses="0" numClasses="0" visitedMethods="1" numMethods="1" />
              <MetadataToken />
              <Name>System.Collections.Generic.IEnumerable`1&lt;System.ValueTuple`2&lt;System.IO.FileInfo,System.String&gt;&gt; Pulumi.Azure.Extensions.Storage.BlobCollection::GetAllFiles(System.String)</Name>
              <FileRef uid="4" />
              <SequencePoints>
                <SequencePoint vc="3" uspid="103" ordinal="0" sl="103" sc="1" el="103" ec="2" bec="0" bev="0" fileid="4" />
                <SequencePoint vc="3" uspid="104" ordinal="1" sl="104" sc="1" el="104" ec="2" bec="0" bev="0" fileid="4" />
                <SequencePoint vc="3" uspid="105" ordinal="2" sl="105" sc="1" el="105" ec="2" bec="2" bev="2" fileid="4" />
                <SequencePoint vc="1" uspid="106" ordinal="3" sl="106" sc="1" el="106" ec="2" bec="0" bev="0" fileid="4" />
                <SequencePoint vc="1" uspid="114" ordinal="4" sl="114" sc="1" el="114" ec="2" bec="0" bev="0" fileid="4" />
                <SequencePoint vc="2" uspid="117" ordinal="5" sl="117" sc="1" el="117" ec="2" bec="2" bev="1" fileid="4" />
                <SequencePoint vc="2" uspid="118" ordinal="6" sl="118" sc="1" el="118" ec="2" bec="0" bev="0" fileid="4" />
                <SequencePoint vc="2" uspid="119" ordinal="7" sl="119" sc="1" el="119" ec="2" bec="0" bev="0" fileid="4" />
                <SequencePoint vc="2" uspid="121" ordinal="8" sl="121" sc="1" el="121" ec="2" bec="0" bev="0" fileid="4" />
                <SequencePoint vc="2" uspid="122" ordinal="9" sl="122" sc="1" el="122" ec="2" bec="0" bev="0" fileid="4" />
                <SequencePoint vc="8" uspid="123" ordinal="10" sl="123" sc="1" el="123" ec="2" bec="0" bev="0" fileid="4" />
                <SequencePoint vc="8" uspid="124" ordinal="11" sl="124" sc="1" el="124" ec="2" bec="0" bev="0" fileid="4" />
                <SequencePoint vc="8" uspid="125" ordinal="12" sl="125" sc="1" el="125" ec="2" bec="0" bev="0" fileid="4" />
                <SequencePoint vc="8" uspid="126" ordinal="13" sl="126" sc="1" el="126" ec="2" bec="0" bev="0" fileid="4" />
                <SequencePoint vc="0" uspid="129" ordinal="14" sl="129" sc="1" el="129" ec="2" bec="0" bev="0" fileid="4" />
                <SequencePoint vc="3" uspid="130" ordinal="15" sl="130" sc="1" el="130" ec="2" bec="0" bev="0" fileid="4" />
              </SequencePoints>
              <BranchPoints>
                <BranchPoint vc="1" uspid="105" ordinal="0" path="0" offset="16" offsetend="18" sl="105" fileid="4" />
                <BranchPoint vc="2" uspid="105" ordinal="1" path="1" offset="16" offsetend="47" sl="105" fileid="4" />
                <BranchPoint vc="2" uspid="117" ordinal="2" path="0" offset="55" offsetend="57" sl="117" fileid="4" />
                <BranchPoint vc="0" uspid="117" ordinal="3" path="1" offset="55" offsetend="113" sl="117" fileid="4" />
              </BranchPoints>
              <MethodPoint vc="15" uspid="0" p8:type="SequencePoint" ordinal="0" offset="0" sc="0" sl="103" ec="1" el="130" bec="0" bev="0" fileid="4" xmlns:p8="xsi" />
            </Method>
            <Method cyclomaticComplexity="8" nPathComplexity="0" sequenceCoverage="81.25" branchCoverage="62.5" isConstructor="True" isGetter="False" isSetter="False" isStatic="True">
              <Summary numSequencePoints="32" visitedSequencePoints="26" numBranchPoints="8" visitedBranchPoints="5" sequenceCoverage="81.25" branchCoverage="62.5" maxCyclomaticComplexity="8" minCyclomaticComplexity="8" visitedClasses="0" numClasses="0" visitedMethods="1" numMethods="1" />
              <MetadataToken />
              <Name>System.Void Pulumi.Azure.Extensions.Storage.BlobCollection::.ctor(System.String,Pulumi.Azure.Extensions.Storage.BlobCollectionArgs,Pulumi.ComponentResourceOptions)</Name>
              <FileRef uid="4" />
              <SequencePoints>
                <SequencePoint vc="3" uspid="61" ordinal="0" sl="61" sc="1" el="61" ec="2" bec="0" bev="0" fileid="4" />
                <SequencePoint vc="3" uspid="62" ordinal="1" sl="62" sc="1" el="62" ec="2" bec="0" bev="0" fileid="4" />
                <SequencePoint vc="3" uspid="63" ordinal="2" sl="63" sc="1" el="63" ec="2" bec="2" bev="1" fileid="4" />
                <SequencePoint vc="0" uspid="64" ordinal="3" sl="64" sc="1" el="64" ec="2" bec="0" bev="0" fileid="4" />
                <SequencePoint vc="0" uspid="65" ordinal="4" sl="65" sc="1" el="65" ec="2" bec="0" bev="0" fileid="4" />
                <SequencePoint vc="3" uspid="68" ordinal="5" sl="68" sc="1" el="68" ec="2" bec="2" bev="1" fileid="4" />
                <SequencePoint vc="0" uspid="69" ordinal="6" sl="69" sc="1" el="69" ec="2" bec="0" bev="0" fileid="4" />
                <SequencePoint vc="0" uspid="70" ordinal="7" sl="70" sc="1" el="70" ec="2" bec="0" bev="0" fileid="4" />
                <SequencePoint vc="3" uspid="73" ordinal="8" sl="73" sc="1" el="73" ec="2" bec="2" bev="1" fileid="4" />
                <SequencePoint vc="0" uspid="74" ordinal="9" sl="74" sc="1" el="74" ec="2" bec="0" bev="0" fileid="4" />
                <SequencePoint vc="0" uspid="75" ordinal="10" sl="75" sc="1" el="75" ec="2" bec="0" bev="0" fileid="4" />
                <SequencePoint vc="10" uspid="78" ordinal="11" sl="78" sc="1" el="78" ec="2" bec="0" bev="0" fileid="4" />
                <SequencePoint vc="17" uspid="79" ordinal="12" sl="79" sc="1" el="79" ec="2" bec="2" bev="2" fileid="4" />
                <SequencePoint vc="4" uspid="80" ordinal="13" sl="80" sc="1" el="80" ec="2" bec="0" bev="0" fileid="4" />
                <SequencePoint vc="4" uspid="81" ordinal="14" sl="81" sc="1" el="81" ec="2" bec="0" bev="0" fileid="4" />
                <SequencePoint vc="4" uspid="82" ordinal="15" sl="82" sc="1" el="82" ec="2" bec="0" bev="0" fileid="4" />
                <SequencePoint vc="4" uspid="83" ordinal="16" sl="83" sc="1" el="83" ec="2" bec="0" bev="0" fileid="4" />
                <SequencePoint vc="4" uspid="84" ordinal="17" sl="84" sc="1" el="84" ec="2" bec="0" bev="0" fileid="4" />
                <SequencePoint vc="4" uspid="85" ordinal="18" sl="85" sc="1" el="85" ec="2" bec="0" bev="0" fileid="4" />
                <SequencePoint vc="4" uspid="86" ordinal="19" sl="86" sc="1" el="86" ec="2" bec="0" bev="0" fileid="4" />
                <SequencePoint vc="4" uspid="87" ordinal="20" sl="87" sc="1" el="87" ec="2" bec="0" bev="0" fileid="4" />
                <SequencePoint vc="4" uspid="88" ordinal="21" sl="88" sc="1" el="88" ec="2" bec="0" bev="0" fileid="4" />
                <SequencePoint vc="4" uspid="89" ordinal="22" sl="89" sc="1" el="89" ec="2" bec="0" bev="0" fileid="4" />
                <SequencePoint vc="4" uspid="90" ordinal="23" sl="90" sc="1" el="90" ec="2" bec="0" bev="0" fileid="4" />
                <SequencePoint vc="4" uspid="91" ordinal="24" sl="91" sc="1" el="91" ec="2" bec="0" bev="0" fileid="4" />
                <SequencePoint vc="4" uspid="93" ordinal="25" sl="93" sc="1" el="93" ec="2" bec="0" bev="0" fileid="4" />
                <SequencePoint vc="4" uspid="94" ordinal="26" sl="94" sc="1" el="94" ec="2" bec="0" bev="0" fileid="4" />
                <SequencePoint vc="4" uspid="95" ordinal="27" sl="95" sc="1" el="95" ec="2" bec="0" bev="0" fileid="4" />
                <SequencePoint vc="4" uspid="96" ordinal="28" sl="96" sc="1" el="96" ec="2" bec="0" bev="0" fileid="4" />
                <SequencePoint vc="4" uspid="98" ordinal="29" sl="98" sc="1" el="98" ec="2" bec="0" bev="0" fileid="4" />
                <SequencePoint vc="4" uspid="99" ordinal="30" sl="99" sc="1" el="99" ec="2" bec="0" bev="0" fileid="4" />
                <SequencePoint vc="3" uspid="100" ordinal="31" sl="100" sc="1" el="100" ec="2" bec="0" bev="0" fileid="4" />
              </SequencePoints>
              <BranchPoints>
                <BranchPoint vc="0" uspid="63" ordinal="0" path="0" offset="23" offsetend="25" sl="63" fileid="4" />
                <BranchPoint vc="3" uspid="63" ordinal="1" path="1" offset="23" offsetend="37" sl="63" fileid="4" />
                <BranchPoint vc="0" uspid="68" ordinal="2" path="0" offset="43" offsetend="45" sl="68" fileid="4" />
                <BranchPoint vc="3" uspid="68" ordinal="3" path="1" offset="43" offsetend="57" sl="68" fileid="4" />
                <BranchPoint vc="0" uspid="73" ordinal="4" path="0" offset="70" offsetend="72" sl="73" fileid="4" />
                <BranchPoint vc="3" uspid="73" ordinal="5" path="1" offset="70" offsetend="84" sl="73" fileid="4" />
                <BranchPoint vc="4" uspid="79" ordinal="7" path="1" offset="338" offsetend="146" sl="79" fileid="4" />
                <BranchPoint vc="3" uspid="79" ordinal="6" path="0" offset="338" offsetend="343" sl="79" fileid="4" />
              </BranchPoints>
              <MethodPoint vc="26" uspid="0" p8:type="SequencePoint" ordinal="1" offset="1" sc="0" sl="61" ec="1" el="100" bec="0" bev="0" fileid="4" xmlns:p8="xsi" />
            </Method>
          </Methods>
        </Class>
      </Classes>
    </Module>
  </Modules>
</CoverageSession>